#
# There is insufficient memory for the Java Runtime Environment to continue.
# Native memory allocation (malloc) failed to allocate 32744 bytes for ChunkPool::allocate
# Possible reasons:
#   The system is out of physical RAM or swap space
#   The process is running with CompressedOops enabled, and the Java Heap may be blocking the growth of the native heap
# Possible solutions:
#   Reduce memory load on the system
#   Increase physical memory or swap space
#   Check if swap backing store is full
#   Decrease Java heap size (-Xmx/-Xms)
#   Decrease number of Java threads
#   Decrease Java thread stack sizes (-Xss)
#   Set larger code cache with -XX:ReservedCodeCacheSize=
#   JVM is running with Unscaled Compressed Oops mode in which the Java heap is
#     placed in the first 4GB address space. The Java Heap base address is the
#     maximum limit for the native heap growth. Please use -XX:HeapBaseMinAddress
#     to set the Java Heap base and to place the Java Heap above 4GB virtual address.
# This output file may be truncated or incomplete.
#
#  Out of Memory Error (./src/hotspot/share/memory/arena.cpp:81), pid=12548, tid=9544
#
# JRE version: OpenJDK Runtime Environment Microsoft-7208460 (11.0.18+10) (build 11.0.18+10-LTS)
# Java VM: OpenJDK 64-Bit Server VM Microsoft-7208460 (11.0.18+10-LTS, mixed mode, tiered, compressed oops, g1 gc, windows-amd64)
# No core dump will be written. Minidumps are not enabled by default on client versions of Windows
#

---------------  S U M M A R Y ------------

Command Line: -XX:MaxMetaspaceSize=512m --add-opens=java.base/java.util=ALL-UNNAMED --add-opens=java.base/java.lang=ALL-UNNAMED --add-opens=java.base/java.lang.invoke=ALL-UNNAMED --add-opens=java.prefs/java.util.prefs=ALL-UNNAMED --add-opens=java.base/java.nio.charset=ALL-UNNAMED --add-opens=java.base/java.net=ALL-UNNAMED --add-opens=java.base/java.util.concurrent.atomic=ALL-UNNAMED -Xmx2048m -Dfile.encoding=windows-1252 -Duser.country=MX -Duser.language=es -Duser.variant org.gradle.launcher.daemon.bootstrap.GradleDaemon 8.0.1

Host: Intel(R) Core(TM) i5-4590 CPU @ 3.30GHz, 4 cores, 15G,  Windows 10 , 64 bit Build 19041 (10.0.19041.3155)
Time: Tue Jul 25 12:59:45 2023 Hora estándar central (México) elapsed time: 91.801652 seconds (0d 0h 1m 31s)

---------------  T H R E A D  ---------------

Current thread (0x0000020078393800):  JavaThread "C2 CompilerThread0" daemon [_thread_in_native, id=9544, stack(0x00000095f4d00000,0x00000095f4e00000)]


Current CompileTask:
C2:  91801 8656 %     4       java.util.zip.ZipFile$Source::initCEN @ 228 (697 bytes)

Stack: [0x00000095f4d00000,0x00000095f4e00000]
Native frames: (J=compiled Java code, j=interpreted, Vv=VM code, C=native code)
V  [jvm.dll+0x62bf8a]
V  [jvm.dll+0x7b8fb9]
V  [jvm.dll+0x7ba6a8]
V  [jvm.dll+0x7bad83]
V  [jvm.dll+0x250248]
V  [jvm.dll+0xc286b]
V  [jvm.dll+0xc2bcc]
V  [jvm.dll+0xc271b]
V  [jvm.dll+0x60978f]
V  [jvm.dll+0x65cf94]
V  [jvm.dll+0x19eead]
V  [jvm.dll+0x209495]
V  [jvm.dll+0x20850d]
V  [jvm.dll+0x18a4b1]
V  [jvm.dll+0x217eec]
V  [jvm.dll+0x21612b]
V  [jvm.dll+0x77bac0]
V  [jvm.dll+0x7749f4]
V  [jvm.dll+0x62adf5]
C  [ucrtbase.dll+0x21bb2]
C  [KERNEL32.DLL+0x17614]
C  [ntdll.dll+0x526b1]


---------------  P R O C E S S  ---------------

Threads class SMR info:
_java_thread_list=0x000002007cd1d350, length=84, elements={
0x0000020059237800, 0x0000020078332000, 0x000002007833a800, 0x000002007838f800,
0x0000020078391800, 0x0000020078392800, 0x0000020078393800, 0x0000020078397000,
0x00000200783a4800, 0x0000020078502800, 0x00000200797d3800, 0x00000200796fa800,
0x0000020078d1c800, 0x0000020079562800, 0x0000020078b3a800, 0x00000200786cd000,
0x0000020078abb800, 0x0000020078abc000, 0x0000020079407000, 0x0000020079403800,
0x0000020079406000, 0x0000020079405000, 0x0000020079407800, 0x0000020079404800,
0x000002007940a000, 0x0000020079408800, 0x0000020079409000, 0x000002007ab12800,
0x000002007ab10000, 0x000002007ab12000, 0x000002007ab11000, 0x000002007ab18800,
0x000002007ab16000, 0x000002007ab17000, 0x000002007ab19000, 0x000002007ab14800,
0x000002007ab17800, 0x000002007ab1a000, 0x000002007ab1b000, 0x000002007ab15000,
0x000002007ab1b800, 0x000002007ab1e000, 0x000002007ab1f000, 0x000002007ab1c800,
0x000002007ab1d800, 0x000002007cc35000, 0x000002007cc30800, 0x000002007cc33800,
0x000002007cc32800, 0x000002007cc34800, 0x000002007cc37000, 0x000002007cc36000,
0x000002007cc31000, 0x000002007cc37800, 0x000002007cc32000, 0x000002007cc3b800,
0x000002007cc3b000, 0x000002007cc39800, 0x000002007cc3c800, 0x000002007cc3d800,
0x000002007cc3e000, 0x000002007cc38800, 0x000002007cc3f000, 0x000002007cc3a000,
0x000002007c7b4000, 0x000002007c7b5800, 0x000002007c7b6800, 0x000002007c7b8000,
0x000002007c7b7000, 0x000002007c7b8800, 0x000002007c7ba800, 0x000002007c7b4800,
0x000002007c7bb000, 0x000002007c7bd000, 0x000002007c7c0000, 0x000002007c7bd800,
0x000002007c7c1000, 0x000002007c7c1800, 0x000002007c7bc000, 0x000002007c7c2800,
0x000002007c7bf000, 0x000002007c7be800, 0x0000020001d87800, 0x0000020001d89800
}

Java Threads: ( => current thread )
  0x0000020059237800 JavaThread "main" [_thread_blocked, id=4212, stack(0x00000095f4100000,0x00000095f4200000)]
  0x0000020078332000 JavaThread "Reference Handler" daemon [_thread_blocked, id=13704, stack(0x00000095f4800000,0x00000095f4900000)]
  0x000002007833a800 JavaThread "Finalizer" daemon [_thread_blocked, id=14820, stack(0x00000095f4900000,0x00000095f4a00000)]
  0x000002007838f800 JavaThread "Signal Dispatcher" daemon [_thread_blocked, id=720, stack(0x00000095f4a00000,0x00000095f4b00000)]
  0x0000020078391800 JavaThread "Attach Listener" daemon [_thread_blocked, id=16784, stack(0x00000095f4b00000,0x00000095f4c00000)]
  0x0000020078392800 JavaThread "Service Thread" daemon [_thread_blocked, id=15804, stack(0x00000095f4c00000,0x00000095f4d00000)]
=>0x0000020078393800 JavaThread "C2 CompilerThread0" daemon [_thread_in_native, id=9544, stack(0x00000095f4d00000,0x00000095f4e00000)]
  0x0000020078397000 JavaThread "C1 CompilerThread0" daemon [_thread_blocked, id=2620, stack(0x00000095f4e00000,0x00000095f4f00000)]
  0x00000200783a4800 JavaThread "Sweeper thread" daemon [_thread_blocked, id=10668, stack(0x00000095f4f00000,0x00000095f5000000)]
  0x0000020078502800 JavaThread "Common-Cleaner" daemon [_thread_blocked, id=1636, stack(0x00000095f5000000,0x00000095f5100000)]
  0x00000200797d3800 JavaThread "Daemon health stats" [_thread_blocked, id=10600, stack(0x00000095f5600000,0x00000095f5700000)]
  0x00000200796fa800 JavaThread "Incoming local TCP Connector on port 52270" [_thread_in_native, id=13308, stack(0x00000095f5200000,0x00000095f5300000)]
  0x0000020078d1c800 JavaThread "Daemon periodic checks" [_thread_blocked, id=4436, stack(0x00000095f5700000,0x00000095f5800000)]
  0x0000020079562800 JavaThread "Daemon" [_thread_blocked, id=9660, stack(0x00000095f5800000,0x00000095f5900000)]
  0x0000020078b3a800 JavaThread "Handler for socket connection from /127.0.0.1:52270 to /127.0.0.1:52271" [_thread_in_native, id=13504, stack(0x00000095f5900000,0x00000095f5a00000)]
  0x00000200786cd000 JavaThread "Cancel handler" [_thread_blocked, id=15076, stack(0x00000095f5a00000,0x00000095f5b00000)]
  0x0000020078abb800 JavaThread "Daemon worker" [_thread_in_native, id=8944, stack(0x00000095f5b00000,0x00000095f5c00000)]
  0x0000020078abc000 JavaThread "Asynchronous log dispatcher for DefaultDaemonConnection: socket connection from /127.0.0.1:52270 to /127.0.0.1:52271" [_thread_blocked, id=2544, stack(0x00000095f5c00000,0x00000095f5d00000)]
  0x0000020079407000 JavaThread "Daemon client event forwarder" [_thread_blocked, id=15796, stack(0x00000095f5e00000,0x00000095f5f00000)]
  0x0000020079403800 JavaThread "Cache worker for journal cache (C:\Users\PC ONE\.gradle\caches\journal-1)" [_thread_blocked, id=2932, stack(0x00000095f5f00000,0x00000095f6000000)]
  0x0000020079406000 JavaThread "File lock request listener" [_thread_in_native, id=9416, stack(0x00000095f6000000,0x00000095f6100000)]
  0x0000020079405000 JavaThread "Cache worker for file hash cache (C:\Users\PC ONE\.gradle\caches\8.0.1\fileHashes)" [_thread_blocked, id=10488, stack(0x00000095f6100000,0x00000095f6200000)]
  0x0000020079407800 JavaThread "File watcher server" daemon [_thread_in_native, id=5488, stack(0x00000095f6200000,0x00000095f6300000)]
  0x0000020079404800 JavaThread "File watcher consumer" daemon [_thread_blocked, id=16440, stack(0x00000095f6300000,0x00000095f6400000)]
  0x000002007940a000 JavaThread "Cache worker for checksums cache (C:\Users\PC ONE\OneDrive\Documentos\GitHub\elEscondite\android\.gradle\8.0.1\checksums)" [_thread_blocked, id=15672, stack(0x00000095f6400000,0x00000095f6500000)]
  0x0000020079408800 JavaThread "Cache worker for cache directory md-rule (C:\Users\PC ONE\.gradle\caches\8.0.1\md-rule)" [_thread_blocked, id=14560, stack(0x00000095f6500000,0x00000095f6600000)]
  0x0000020079409000 JavaThread "Cache worker for file content cache (C:\Users\PC ONE\.gradle\caches\8.0.1\fileContent)" [_thread_blocked, id=6228, stack(0x00000095f6600000,0x00000095f6700000)]
  0x000002007ab12800 JavaThread "Cache worker for file hash cache (C:\Users\PC ONE\OneDrive\Documentos\GitHub\elEscondite\android\.gradle\8.0.1\fileHashes)" [_thread_blocked, id=9988, stack(0x00000095f6700000,0x00000095f6800000)]
  0x000002007ab10000 JavaThread "Cache worker for cache directory md-supplier (C:\Users\PC ONE\.gradle\caches\8.0.1\md-supplier)" [_thread_blocked, id=11296, stack(0x00000095f6800000,0x00000095f6900000)]
  0x000002007ab12000 JavaThread "Cache worker for execution history cache (C:\Users\PC ONE\.gradle\caches\8.0.1\executionHistory)" [_thread_blocked, id=6128, stack(0x00000095f6900000,0x00000095f6a00000)]
  0x000002007ab11000 JavaThread "jar transforms" [_thread_blocked, id=9444, stack(0x00000095f6b00000,0x00000095f6c00000)]
  0x000002007ab18800 JavaThread "jar transforms Thread 2" [_thread_blocked, id=13800, stack(0x00000095f6a00000,0x00000095f6b00000)]
  0x000002007ab16000 JavaThread "jar transforms Thread 3" [_thread_blocked, id=10520, stack(0x00000095f6c00000,0x00000095f6d00000)]
  0x000002007ab17000 JavaThread "jar transforms Thread 4" [_thread_blocked, id=11976, stack(0x00000095f6d00000,0x00000095f6e00000)]
  0x000002007ab19000 JavaThread "Cache worker for kotlin-dsl (C:\Users\PC ONE\.gradle\caches\8.0.1\kotlin-dsl)" [_thread_blocked, id=9560, stack(0x00000095f6e00000,0x00000095f6f00000)]
  0x000002007ab14800 JavaThread "Cache worker for dependencies-accessors (C:\Users\PC ONE\OneDrive\Documentos\GitHub\elEscondite\android\.gradle\8.0.1\dependencies-accessors)" [_thread_blocked, id=5924, stack(0x00000095f6f00000,0x00000095f7000000)]
  0x000002007ab17800 JavaThread "Cache worker for Build Output Cleanup Cache (C:\Users\PC ONE\OneDrive\Documentos\GitHub\elEscondite\node_modules\@react-native\gradle-plugin\.gradle\buildOutputCleanup)" [_thread_blocked, id=11788, stack(0x00000095f7200000,0x00000095f7300000)]
  0x000002007ab1a000 JavaThread "Unconstrained build operations" [_thread_blocked, id=11920, stack(0x00000095f7400000,0x00000095f7500000)]
  0x000002007ab1b000 JavaThread "Unconstrained build operations Thread 2" [_thread_blocked, id=7884, stack(0x00000095f7500000,0x00000095f7600000)]
  0x000002007ab15000 JavaThread "Unconstrained build operations Thread 3" [_thread_blocked, id=15056, stack(0x00000095f7600000,0x00000095f7700000)]
  0x000002007ab1b800 JavaThread "Unconstrained build operations Thread 4" [_thread_blocked, id=9136, stack(0x00000095f7700000,0x00000095f7800000)]
  0x000002007ab1e000 JavaThread "Unconstrained build operations Thread 5" [_thread_blocked, id=10492, stack(0x00000095f7800000,0x00000095f7900000)]
  0x000002007ab1f000 JavaThread "Unconstrained build operations Thread 6" [_thread_blocked, id=8384, stack(0x00000095f7900000,0x00000095f7a00000)]
  0x000002007ab1c800 JavaThread "Unconstrained build operations Thread 7" [_thread_blocked, id=12296, stack(0x00000095f7a00000,0x00000095f7b00000)]
  0x000002007ab1d800 JavaThread "Unconstrained build operations Thread 8" [_thread_blocked, id=15516, stack(0x00000095f7b00000,0x00000095f7c00000)]
  0x000002007cc35000 JavaThread "Unconstrained build operations Thread 9" [_thread_blocked, id=8080, stack(0x00000095f7c00000,0x00000095f7d00000)]
  0x000002007cc30800 JavaThread "Unconstrained build operations Thread 10" [_thread_blocked, id=14144, stack(0x00000095f7d00000,0x00000095f7e00000)]
  0x000002007cc33800 JavaThread "Unconstrained build operations Thread 11" [_thread_blocked, id=10516, stack(0x00000095f7e00000,0x00000095f7f00000)]
  0x000002007cc32800 JavaThread "Unconstrained build operations Thread 12" [_thread_blocked, id=13012, stack(0x00000095f7f00000,0x00000095f8000000)]
  0x000002007cc34800 JavaThread "Unconstrained build operations Thread 13" [_thread_blocked, id=1192, stack(0x00000095f8000000,0x00000095f8100000)]
  0x000002007cc37000 JavaThread "Unconstrained build operations Thread 14" [_thread_blocked, id=8440, stack(0x00000095f8100000,0x00000095f8200000)]
  0x000002007cc36000 JavaThread "Unconstrained build operations Thread 15" [_thread_blocked, id=17092, stack(0x00000095f8200000,0x00000095f8300000)]
  0x000002007cc31000 JavaThread "Unconstrained build operations Thread 16" [_thread_blocked, id=13248, stack(0x00000095f8300000,0x00000095f8400000)]
  0x000002007cc37800 JavaThread "Unconstrained build operations Thread 17" [_thread_blocked, id=1396, stack(0x00000095f8400000,0x00000095f8500000)]
  0x000002007cc32000 JavaThread "Unconstrained build operations Thread 18" [_thread_blocked, id=9244, stack(0x00000095f8500000,0x00000095f8600000)]
  0x000002007cc3b800 JavaThread "Unconstrained build operations Thread 19" [_thread_blocked, id=9928, stack(0x00000095f8600000,0x00000095f8700000)]
  0x000002007cc3b000 JavaThread "Unconstrained build operations Thread 20" [_thread_blocked, id=14596, stack(0x00000095f8700000,0x00000095f8800000)]
  0x000002007cc39800 JavaThread "Unconstrained build operations Thread 21" [_thread_blocked, id=15476, stack(0x00000095f8800000,0x00000095f8900000)]
  0x000002007cc3c800 JavaThread "Unconstrained build operations Thread 22" [_thread_blocked, id=15692, stack(0x00000095f8900000,0x00000095f8a00000)]
  0x000002007cc3d800 JavaThread "Unconstrained build operations Thread 23" [_thread_blocked, id=10384, stack(0x00000095f8a00000,0x00000095f8b00000)]
  0x000002007cc3e000 JavaThread "Unconstrained build operations Thread 24" [_thread_blocked, id=9832, stack(0x00000095f8b00000,0x00000095f8c00000)]
  0x000002007cc38800 JavaThread "Unconstrained build operations Thread 25" [_thread_blocked, id=1924, stack(0x00000095f8c00000,0x00000095f8d00000)]
  0x000002007cc3f000 JavaThread "Unconstrained build operations Thread 26" [_thread_blocked, id=14828, stack(0x00000095f8d00000,0x00000095f8e00000)]
  0x000002007cc3a000 JavaThread "Memory manager" [_thread_blocked, id=5824, stack(0x00000095f8e00000,0x00000095f8f00000)]
  0x000002007c7b4000 JavaThread "Cache worker for Build Output Cleanup Cache (C:\Users\PC ONE\OneDrive\Documentos\GitHub\elEscondite\android\.gradle\buildOutputCleanup)" [_thread_blocked, id=17180, stack(0x00000095f5d00000,0x00000095f5e00000)]
  0x000002007c7b5800 JavaThread "included builds" [_thread_blocked, id=4904, stack(0x00000095f8f00000,0x00000095f9000000)]
  0x000002007c7b6800 JavaThread "Execution worker" [_thread_blocked, id=1312, stack(0x00000095f9000000,0x00000095f9100000)]
  0x000002007c7b8000 JavaThread "Execution worker Thread 2" [_thread_blocked, id=11728, stack(0x00000095f9100000,0x00000095f9200000)]
  0x000002007c7b7000 JavaThread "Execution worker Thread 3" [_thread_blocked, id=10452, stack(0x00000095f9200000,0x00000095f9300000)]
  0x000002007c7b8800 JavaThread "Cache worker for execution history cache (C:\Users\PC ONE\OneDrive\Documentos\GitHub\elEscondite\node_modules\@react-native\gradle-plugin\.gradle\8.0.1\executionHistory)" [_thread_blocked, id=4704, stack(0x00000095f9300000,0x00000095f9400000)]
  0x000002007c7ba800 JavaThread "Unconstrained build operations Thread 27" [_thread_blocked, id=5808, stack(0x00000095f9400000,0x00000095f9500000)]
  0x000002007c7b4800 JavaThread "Unconstrained build operations Thread 28" [_thread_blocked, id=3692, stack(0x00000095f9500000,0x00000095f9600000)]
  0x000002007c7bb000 JavaThread "Unconstrained build operations Thread 29" [_thread_blocked, id=14960, stack(0x00000095f9600000,0x00000095f9700000)]
  0x000002007c7bd000 JavaThread "Unconstrained build operations Thread 30" [_thread_blocked, id=2968, stack(0x00000095f9700000,0x00000095f9800000)]
  0x000002007c7c0000 JavaThread "Unconstrained build operations Thread 31" [_thread_blocked, id=12424, stack(0x00000095f9800000,0x00000095f9900000)]
  0x000002007c7bd800 JavaThread "Unconstrained build operations Thread 32" [_thread_blocked, id=7424, stack(0x00000095f9900000,0x00000095f9a00000)]
  0x000002007c7c1000 JavaThread "Unconstrained build operations Thread 33" [_thread_blocked, id=3024, stack(0x00000095f9a00000,0x00000095f9b00000)]
  0x000002007c7c1800 JavaThread "Unconstrained build operations Thread 34" [_thread_blocked, id=6752, stack(0x00000095f9b00000,0x00000095f9c00000)]
  0x000002007c7bc000 JavaThread "Unconstrained build operations Thread 35" [_thread_blocked, id=13600, stack(0x00000095f9c00000,0x00000095f9d00000)]
  0x000002007c7c2800 JavaThread "Unconstrained build operations Thread 36" [_thread_blocked, id=10072, stack(0x00000095f9d00000,0x00000095f9e00000)]
  0x000002007c7bf000 JavaThread "Unconstrained build operations Thread 37" [_thread_blocked, id=8488, stack(0x00000095f9e00000,0x00000095f9f00000)]
  0x000002007c7be800 JavaThread "Unconstrained build operations Thread 38" [_thread_blocked, id=440, stack(0x00000095f9f00000,0x00000095fa000000)]
  0x0000020001d87800 JavaThread "Unconstrained build operations Thread 39" [_thread_blocked, id=5004, stack(0x00000095fa000000,0x00000095fa100000)]
  0x0000020001d89800 JavaThread "Unconstrained build operations Thread 40" [_thread_blocked, id=12600, stack(0x00000095fa100000,0x00000095fa200000)]

Other Threads:
  0x000002007832d800 VMThread "VM Thread" [stack: 0x00000095f4700000,0x00000095f4800000] [id=17248]
  0x0000020078548000 WatcherThread [stack: 0x00000095f5100000,0x00000095f5200000] [id=11868]
  0x000002005924f800 GCTaskThread "GC Thread#0" [stack: 0x00000095f4200000,0x00000095f4300000] [id=9888]
  0x0000020078a76800 GCTaskThread "GC Thread#1" [stack: 0x00000095f5300000,0x00000095f5400000] [id=11136]
  0x0000020078a77800 GCTaskThread "GC Thread#2" [stack: 0x00000095f5400000,0x00000095f5500000] [id=2860]
  0x00000200785bd000 GCTaskThread "GC Thread#3" [stack: 0x00000095f5500000,0x00000095f5600000] [id=13104]
  0x000002005927f800 ConcurrentGCThread "G1 Main Marker" [stack: 0x00000095f4300000,0x00000095f4400000] [id=524]
  0x0000020059281000 ConcurrentGCThread "G1 Conc#0" [stack: 0x00000095f4400000,0x00000095f4500000] [id=9208]
  0x0000020077995800 ConcurrentGCThread "G1 Refine#0" [stack: 0x00000095f4500000,0x00000095f4600000] [id=16184]
  0x0000020077996800 ConcurrentGCThread "G1 Young RemSet Sampling" [stack: 0x00000095f4600000,0x00000095f4700000] [id=7268]

Threads with active compile tasks:
C2 CompilerThread0    93566 8656 %     4       java.util.zip.ZipFile$Source::initCEN @ 228 (697 bytes)

VM state:not at safepoint (normal execution)

VM Mutex/Monitor currently owned by a thread: None

Heap address: 0x0000000080000000, size: 2048 MB, Compressed Oops mode: 32-bit
Narrow klass base: 0x0000000000000000, Narrow klass shift: 3
Compressed class space size: 528482304 Address: 0x0000000100000000

Heap:
 garbage-first heap   total 262144K, used 73601K [0x0000000080000000, 0x0000000100000000)
  region size 1024K, 27 young (27648K), 16 survivors (16384K)
 Metaspace       used 80254K, capacity 82595K, committed 82716K, reserved 587776K
  class space    used 10379K, capacity 11373K, committed 11468K, reserved 516096K
Heap Regions: E=young(eden), S=young(survivor), O=old, HS=humongous(starts), HC=humongous(continues), CS=collection set, F=free, A=archive, TAMS=top-at-mark-start (previous, next)
|   0|0x0000000080000000, 0x0000000080100000, 0x0000000080100000|100%| O|  |TAMS 0x0000000080100000, 0x0000000080000000| Untracked 
|   1|0x0000000080100000, 0x0000000080200000, 0x0000000080200000|100%| O|  |TAMS 0x0000000080200000, 0x0000000080100000| Untracked 
|   2|0x0000000080200000, 0x0000000080300000, 0x0000000080300000|100%|HS|  |TAMS 0x0000000080300000, 0x0000000080200000| Complete 
|   3|0x0000000080300000, 0x0000000080400000, 0x0000000080400000|100%|HC|  |TAMS 0x0000000080400000, 0x0000000080300000| Complete 
|   4|0x0000000080400000, 0x0000000080500000, 0x0000000080500000|100%|HC|  |TAMS 0x0000000080500000, 0x0000000080400000| Complete 
|   5|0x0000000080500000, 0x0000000080600000, 0x0000000080600000|100%|HC|  |TAMS 0x0000000080600000, 0x0000000080500000| Complete 
|   6|0x0000000080600000, 0x0000000080700000, 0x0000000080700000|100%| O|  |TAMS 0x0000000080700000, 0x0000000080600000| Untracked 
|   7|0x0000000080700000, 0x0000000080800000, 0x0000000080800000|100%| O|  |TAMS 0x0000000080800000, 0x0000000080700000| Untracked 
|   8|0x0000000080800000, 0x0000000080900000, 0x0000000080900000|100%| O|  |TAMS 0x0000000080900000, 0x0000000080800000| Untracked 
|   9|0x0000000080900000, 0x0000000080a00000, 0x0000000080a00000|100%| O|  |TAMS 0x0000000080a00000, 0x0000000080900000| Untracked 
|  10|0x0000000080a00000, 0x0000000080b00000, 0x0000000080b00000|100%| O|  |TAMS 0x0000000080b00000, 0x0000000080a00000| Untracked 
|  11|0x0000000080b00000, 0x0000000080c00000, 0x0000000080c00000|100%| O|  |TAMS 0x0000000080c00000, 0x0000000080b00000| Untracked 
|  12|0x0000000080c00000, 0x0000000080d00000, 0x0000000080d00000|100%| O|  |TAMS 0x0000000080d00000, 0x0000000080c00000| Untracked 
|  13|0x0000000080d00000, 0x0000000080e00000, 0x0000000080e00000|100%| O|  |TAMS 0x0000000080e00000, 0x0000000080d00000| Untracked 
|  14|0x0000000080e00000, 0x0000000080f00000, 0x0000000080f00000|100%| O|  |TAMS 0x0000000080f00000, 0x0000000080e00000| Untracked 
|  15|0x0000000080f00000, 0x0000000081000000, 0x0000000081000000|100%| O|  |TAMS 0x0000000081000000, 0x0000000080f00000| Untracked 
|  16|0x0000000081000000, 0x0000000081100000, 0x0000000081100000|100%|HS|  |TAMS 0x0000000081100000, 0x0000000081000000| Complete 
|  17|0x0000000081100000, 0x0000000081200000, 0x0000000081200000|100%|HC|  |TAMS 0x0000000081200000, 0x0000000081100000| Complete 
|  18|0x0000000081200000, 0x0000000081300000, 0x0000000081300000|100%|HS|  |TAMS 0x0000000081300000, 0x0000000081200000| Complete 
|  19|0x0000000081300000, 0x0000000081400000, 0x0000000081400000|100%|HC|  |TAMS 0x0000000081400000, 0x0000000081300000| Complete 
|  20|0x0000000081400000, 0x0000000081500000, 0x0000000081500000|100%|HC|  |TAMS 0x0000000081500000, 0x0000000081400000| Complete 
|  21|0x0000000081500000, 0x0000000081600000, 0x0000000081600000|100%|HC|  |TAMS 0x0000000081600000, 0x0000000081500000| Complete 
|  22|0x0000000081600000, 0x0000000081700000, 0x0000000081700000|100%| O|  |TAMS 0x0000000081700000, 0x0000000081600000| Untracked 
|  23|0x0000000081700000, 0x0000000081800000, 0x0000000081800000|100%| O|  |TAMS 0x0000000081800000, 0x0000000081700000| Untracked 
|  24|0x0000000081800000, 0x0000000081900000, 0x0000000081900000|100%| O|  |TAMS 0x0000000081900000, 0x0000000081800000| Untracked 
|  25|0x0000000081900000, 0x0000000081a00000, 0x0000000081a00000|100%| O|  |TAMS 0x0000000081a00000, 0x0000000081900000| Untracked 
|  26|0x0000000081a00000, 0x0000000081b00000, 0x0000000081b00000|100%| O|  |TAMS 0x0000000081b00000, 0x0000000081a00000| Untracked 
|  27|0x0000000081b00000, 0x0000000081c00000, 0x0000000081c00000|100%| O|  |TAMS 0x0000000081c00000, 0x0000000081b00000| Untracked 
|  28|0x0000000081c00000, 0x0000000081d00000, 0x0000000081d00000|100%| O|  |TAMS 0x0000000081c7a000, 0x0000000081c00000| Untracked 
|  29|0x0000000081d00000, 0x0000000081e00000, 0x0000000081e00000|100%| O|  |TAMS 0x0000000081d00000, 0x0000000081d00000| Untracked 
|  30|0x0000000081e00000, 0x0000000081f00000, 0x0000000081f00000|100%| O|  |TAMS 0x0000000081e00000, 0x0000000081e00000| Untracked 
|  31|0x0000000081f00000, 0x0000000082000000, 0x0000000082000000|100%| O|  |TAMS 0x0000000081f00000, 0x0000000081f00000| Untracked 
|  32|0x0000000082000000, 0x0000000082100000, 0x0000000082100000|100%| O|  |TAMS 0x0000000082000000, 0x0000000082000000| Untracked 
|  33|0x0000000082100000, 0x0000000082200000, 0x0000000082200000|100%| O|  |TAMS 0x0000000082100000, 0x0000000082100000| Untracked 
|  34|0x0000000082200000, 0x0000000082300000, 0x0000000082300000|100%| O|  |TAMS 0x0000000082200000, 0x0000000082200000| Untracked 
|  35|0x0000000082300000, 0x0000000082400000, 0x0000000082400000|100%| O|  |TAMS 0x0000000082300000, 0x0000000082300000| Untracked 
|  36|0x0000000082400000, 0x0000000082500000, 0x0000000082500000|100%| O|  |TAMS 0x0000000082400000, 0x0000000082400000| Untracked 
|  37|0x0000000082500000, 0x0000000082600000, 0x0000000082600000|100%| O|  |TAMS 0x0000000082500000, 0x0000000082500000| Untracked 
|  38|0x0000000082600000, 0x0000000082700000, 0x0000000082700000|100%|HS|  |TAMS 0x0000000082600000, 0x0000000082600000| Complete 
|  39|0x0000000082700000, 0x0000000082800000, 0x0000000082800000|100%| O|  |TAMS 0x0000000082700000, 0x0000000082700000| Untracked 
|  40|0x0000000082800000, 0x0000000082900000, 0x0000000082900000|100%| O|  |TAMS 0x0000000082800000, 0x0000000082800000| Untracked 
|  41|0x0000000082900000, 0x0000000082a00000, 0x0000000082a00000|100%| O|  |TAMS 0x0000000082900000, 0x0000000082900000| Untracked 
|  42|0x0000000082a00000, 0x0000000082b00000, 0x0000000082b00000|100%| O|  |TAMS 0x0000000082a00000, 0x0000000082a00000| Untracked 
|  43|0x0000000082b00000, 0x0000000082c00000, 0x0000000082c00000|100%| O|  |TAMS 0x0000000082b00000, 0x0000000082b00000| Untracked 
|  44|0x0000000082c00000, 0x0000000082d00000, 0x0000000082d00000|100%| O|  |TAMS 0x0000000082c00000, 0x0000000082c00000| Untracked 
|  45|0x0000000082d00000, 0x0000000082d60400, 0x0000000082e00000| 37%| O|  |TAMS 0x0000000082d00000, 0x0000000082d00000| Untracked 
|  46|0x0000000082e00000, 0x0000000082f00000, 0x0000000082f00000|100%|HS|  |TAMS 0x0000000082e00000, 0x0000000082e00000| Complete 
|  47|0x0000000082f00000, 0x0000000082f00000, 0x0000000083000000|  0%| F|  |TAMS 0x0000000082f00000, 0x0000000082f00000| Untracked 
|  48|0x0000000083000000, 0x0000000083000000, 0x0000000083100000|  0%| F|  |TAMS 0x0000000083000000, 0x0000000083000000| Untracked 
|  49|0x0000000083100000, 0x0000000083100000, 0x0000000083200000|  0%| F|  |TAMS 0x0000000083100000, 0x0000000083100000| Untracked 
|  50|0x0000000083200000, 0x0000000083200000, 0x0000000083300000|  0%| F|  |TAMS 0x0000000083200000, 0x0000000083200000| Untracked 
|  51|0x0000000083300000, 0x0000000083300000, 0x0000000083400000|  0%| F|  |TAMS 0x0000000083300000, 0x0000000083300000| Untracked 
|  52|0x0000000083400000, 0x0000000083400000, 0x0000000083500000|  0%| F|  |TAMS 0x0000000083400000, 0x0000000083400000| Untracked 
|  53|0x0000000083500000, 0x0000000083500000, 0x0000000083600000|  0%| F|  |TAMS 0x0000000083500000, 0x0000000083500000| Untracked 
|  54|0x0000000083600000, 0x0000000083600000, 0x0000000083700000|  0%| F|  |TAMS 0x0000000083600000, 0x0000000083600000| Untracked 
|  55|0x0000000083700000, 0x0000000083700000, 0x0000000083800000|  0%| F|  |TAMS 0x0000000083700000, 0x0000000083700000| Untracked 
|  56|0x0000000083800000, 0x0000000083800000, 0x0000000083900000|  0%| F|  |TAMS 0x0000000083800000, 0x0000000083800000| Untracked 
|  57|0x0000000083900000, 0x0000000083900000, 0x0000000083a00000|  0%| F|  |TAMS 0x0000000083900000, 0x0000000083900000| Untracked 
|  58|0x0000000083a00000, 0x0000000083a00000, 0x0000000083b00000|  0%| F|  |TAMS 0x0000000083a00000, 0x0000000083a00000| Untracked 
|  59|0x0000000083b00000, 0x0000000083b00000, 0x0000000083c00000|  0%| F|  |TAMS 0x0000000083b00000, 0x0000000083b00000| Untracked 
|  60|0x0000000083c00000, 0x0000000083c00000, 0x0000000083d00000|  0%| F|  |TAMS 0x0000000083c00000, 0x0000000083c00000| Untracked 
|  61|0x0000000083d00000, 0x0000000083d00000, 0x0000000083e00000|  0%| F|  |TAMS 0x0000000083d00000, 0x0000000083d00000| Untracked 
|  62|0x0000000083e00000, 0x0000000083e00000, 0x0000000083f00000|  0%| F|  |TAMS 0x0000000083e00000, 0x0000000083e00000| Untracked 
|  63|0x0000000083f00000, 0x0000000083f00000, 0x0000000084000000|  0%| F|  |TAMS 0x0000000083f00000, 0x0000000083f00000| Untracked 
|  64|0x0000000084000000, 0x0000000084000000, 0x0000000084100000|  0%| F|  |TAMS 0x0000000084000000, 0x0000000084000000| Untracked 
|  65|0x0000000084100000, 0x0000000084100000, 0x0000000084200000|  0%| F|  |TAMS 0x0000000084100000, 0x0000000084100000| Untracked 
|  66|0x0000000084200000, 0x0000000084200000, 0x0000000084300000|  0%| F|  |TAMS 0x0000000084200000, 0x0000000084200000| Untracked 
|  67|0x0000000084300000, 0x0000000084300000, 0x0000000084400000|  0%| F|  |TAMS 0x0000000084300000, 0x0000000084300000| Untracked 
|  68|0x0000000084400000, 0x0000000084400000, 0x0000000084500000|  0%| F|  |TAMS 0x0000000084400000, 0x0000000084400000| Untracked 
|  69|0x0000000084500000, 0x0000000084500000, 0x0000000084600000|  0%| F|  |TAMS 0x0000000084500000, 0x0000000084500000| Untracked 
|  70|0x0000000084600000, 0x0000000084600000, 0x0000000084700000|  0%| F|  |TAMS 0x0000000084600000, 0x0000000084600000| Untracked 
|  71|0x0000000084700000, 0x0000000084700000, 0x0000000084800000|  0%| F|  |TAMS 0x0000000084700000, 0x0000000084700000| Untracked 
|  72|0x0000000084800000, 0x0000000084800000, 0x0000000084900000|  0%| F|  |TAMS 0x0000000084800000, 0x0000000084800000| Untracked 
|  73|0x0000000084900000, 0x0000000084900000, 0x0000000084a00000|  0%| F|  |TAMS 0x0000000084900000, 0x0000000084900000| Untracked 
|  74|0x0000000084a00000, 0x0000000084a00000, 0x0000000084b00000|  0%| F|  |TAMS 0x0000000084a00000, 0x0000000084a00000| Untracked 
|  75|0x0000000084b00000, 0x0000000084b00000, 0x0000000084c00000|  0%| F|  |TAMS 0x0000000084b00000, 0x0000000084b00000| Untracked 
|  76|0x0000000084c00000, 0x0000000084c00000, 0x0000000084d00000|  0%| F|  |TAMS 0x0000000084c00000, 0x0000000084c00000| Untracked 
|  77|0x0000000084d00000, 0x0000000084d00000, 0x0000000084e00000|  0%| F|  |TAMS 0x0000000084d00000, 0x0000000084d00000| Untracked 
|  78|0x0000000084e00000, 0x0000000084e00000, 0x0000000084f00000|  0%| F|  |TAMS 0x0000000084e00000, 0x0000000084e00000| Untracked 
|  79|0x0000000084f00000, 0x0000000084f00000, 0x0000000085000000|  0%| F|  |TAMS 0x0000000084f00000, 0x0000000084f00000| Untracked 
|  80|0x0000000085000000, 0x0000000085000000, 0x0000000085100000|  0%| F|  |TAMS 0x0000000085000000, 0x0000000085000000| Untracked 
|  81|0x0000000085100000, 0x0000000085100000, 0x0000000085200000|  0%| F|  |TAMS 0x0000000085100000, 0x0000000085100000| Untracked 
|  82|0x0000000085200000, 0x0000000085200000, 0x0000000085300000|  0%| F|  |TAMS 0x0000000085200000, 0x0000000085200000| Untracked 
|  83|0x0000000085300000, 0x0000000085300000, 0x0000000085400000|  0%| F|  |TAMS 0x0000000085300000, 0x0000000085300000| Untracked 
|  84|0x0000000085400000, 0x0000000085400000, 0x0000000085500000|  0%| F|  |TAMS 0x0000000085400000, 0x0000000085400000| Untracked 
|  85|0x0000000085500000, 0x0000000085500000, 0x0000000085600000|  0%| F|  |TAMS 0x0000000085500000, 0x0000000085500000| Untracked 
|  86|0x0000000085600000, 0x0000000085600000, 0x0000000085700000|  0%| F|  |TAMS 0x0000000085600000, 0x0000000085600000| Untracked 
|  87|0x0000000085700000, 0x0000000085780000, 0x0000000085800000| 50%| S|CS|TAMS 0x0000000085700000, 0x0000000085700000| Complete 
|  88|0x0000000085800000, 0x0000000085900000, 0x0000000085900000|100%| S|CS|TAMS 0x0000000085800000, 0x0000000085800000| Complete 
|  89|0x0000000085900000, 0x0000000085a00000, 0x0000000085a00000|100%| S|CS|TAMS 0x0000000085900000, 0x0000000085900000| Complete 
|  90|0x0000000085a00000, 0x0000000085a00000, 0x0000000085b00000|  0%| F|  |TAMS 0x0000000085a00000, 0x0000000085a00000| Untracked 
|  91|0x0000000085b00000, 0x0000000085b00000, 0x0000000085c00000|  0%| F|  |TAMS 0x0000000085b00000, 0x0000000085b00000| Untracked 
|  92|0x0000000085c00000, 0x0000000085c00000, 0x0000000085d00000|  0%| F|  |TAMS 0x0000000085c00000, 0x0000000085c00000| Untracked 
|  93|0x0000000085d00000, 0x0000000085d00000, 0x0000000085e00000|  0%| F|  |TAMS 0x0000000085d00000, 0x0000000085d00000| Untracked 
|  94|0x0000000085e00000, 0x0000000085e00000, 0x0000000085f00000|  0%| F|  |TAMS 0x0000000085e00000, 0x0000000085e00000| Untracked 
|  95|0x0000000085f00000, 0x0000000085f00000, 0x0000000086000000|  0%| F|  |TAMS 0x0000000085f00000, 0x0000000085f00000| Untracked 
|  96|0x0000000086000000, 0x0000000086000000, 0x0000000086100000|  0%| F|  |TAMS 0x0000000086000000, 0x0000000086000000| Untracked 
|  97|0x0000000086100000, 0x0000000086100000, 0x0000000086200000|  0%| F|  |TAMS 0x0000000086100000, 0x0000000086100000| Untracked 
|  98|0x0000000086200000, 0x0000000086200000, 0x0000000086300000|  0%| F|  |TAMS 0x0000000086200000, 0x0000000086200000| Untracked 
|  99|0x0000000086300000, 0x0000000086300000, 0x0000000086400000|  0%| F|  |TAMS 0x0000000086300000, 0x0000000086300000| Untracked 
| 100|0x0000000086400000, 0x0000000086400000, 0x0000000086500000|  0%| F|  |TAMS 0x0000000086400000, 0x0000000086400000| Untracked 
| 101|0x0000000086500000, 0x0000000086500000, 0x0000000086600000|  0%| F|  |TAMS 0x0000000086500000, 0x0000000086500000| Untracked 
| 102|0x0000000086600000, 0x0000000086600000, 0x0000000086700000|  0%| F|  |TAMS 0x0000000086600000, 0x0000000086600000| Untracked 
| 103|0x0000000086700000, 0x0000000086800000, 0x0000000086800000|100%| S|CS|TAMS 0x0000000086700000, 0x0000000086700000| Complete 
| 104|0x0000000086800000, 0x0000000086900000, 0x0000000086900000|100%| S|CS|TAMS 0x0000000086800000, 0x0000000086800000| Complete 
| 105|0x0000000086900000, 0x0000000086a00000, 0x0000000086a00000|100%| S|CS|TAMS 0x0000000086900000, 0x0000000086900000| Complete 
| 106|0x0000000086a00000, 0x0000000086b00000, 0x0000000086b00000|100%| S|CS|TAMS 0x0000000086a00000, 0x0000000086a00000| Complete 
| 107|0x0000000086b00000, 0x0000000086c00000, 0x0000000086c00000|100%| S|CS|TAMS 0x0000000086b00000, 0x0000000086b00000| Complete 
| 108|0x0000000086c00000, 0x0000000086d00000, 0x0000000086d00000|100%| S|CS|TAMS 0x0000000086c00000, 0x0000000086c00000| Complete 
| 109|0x0000000086d00000, 0x0000000086e00000, 0x0000000086e00000|100%| S|CS|TAMS 0x0000000086d00000, 0x0000000086d00000| Complete 
| 110|0x0000000086e00000, 0x0000000086f00000, 0x0000000086f00000|100%| S|CS|TAMS 0x0000000086e00000, 0x0000000086e00000| Complete 
| 111|0x0000000086f00000, 0x0000000087000000, 0x0000000087000000|100%| S|CS|TAMS 0x0000000086f00000, 0x0000000086f00000| Complete 
| 112|0x0000000087000000, 0x0000000087100000, 0x0000000087100000|100%| S|CS|TAMS 0x0000000087000000, 0x0000000087000000| Complete 
| 113|0x0000000087100000, 0x0000000087200000, 0x0000000087200000|100%| S|CS|TAMS 0x0000000087100000, 0x0000000087100000| Complete 
| 114|0x0000000087200000, 0x0000000087300000, 0x0000000087300000|100%| S|CS|TAMS 0x0000000087200000, 0x0000000087200000| Complete 
| 115|0x0000000087300000, 0x0000000087400000, 0x0000000087400000|100%| S|CS|TAMS 0x0000000087300000, 0x0000000087300000| Complete 
| 116|0x0000000087400000, 0x0000000087400000, 0x0000000087500000|  0%| F|  |TAMS 0x0000000087400000, 0x0000000087400000| Untracked 
| 117|0x0000000087500000, 0x0000000087500000, 0x0000000087600000|  0%| F|  |TAMS 0x0000000087500000, 0x0000000087500000| Untracked 
| 118|0x0000000087600000, 0x0000000087600000, 0x0000000087700000|  0%| F|  |TAMS 0x0000000087600000, 0x0000000087600000| Untracked 
| 119|0x0000000087700000, 0x0000000087700000, 0x0000000087800000|  0%| F|  |TAMS 0x0000000087700000, 0x0000000087700000| Untracked 
| 120|0x0000000087800000, 0x0000000087800000, 0x0000000087900000|  0%| F|  |TAMS 0x0000000087800000, 0x0000000087800000| Untracked 
| 121|0x0000000087900000, 0x0000000087900000, 0x0000000087a00000|  0%| F|  |TAMS 0x0000000087900000, 0x0000000087900000| Untracked 
| 122|0x0000000087a00000, 0x0000000087a00000, 0x0000000087b00000|  0%| F|  |TAMS 0x0000000087a00000, 0x0000000087a00000| Untracked 
| 123|0x0000000087b00000, 0x0000000087b00000, 0x0000000087c00000|  0%| F|  |TAMS 0x0000000087b00000, 0x0000000087b00000| Untracked 
| 124|0x0000000087c00000, 0x0000000087c00000, 0x0000000087d00000|  0%| F|  |TAMS 0x0000000087c00000, 0x0000000087c00000| Untracked 
| 125|0x0000000087d00000, 0x0000000087d00000, 0x0000000087e00000|  0%| F|  |TAMS 0x0000000087d00000, 0x0000000087d00000| Untracked 
| 126|0x0000000087e00000, 0x0000000087e00000, 0x0000000087f00000|  0%| F|  |TAMS 0x0000000087e00000, 0x0000000087e00000| Untracked 
| 127|0x0000000087f00000, 0x0000000087f00000, 0x0000000088000000|  0%| F|  |TAMS 0x0000000087f00000, 0x0000000087f00000| Untracked 
| 128|0x0000000088000000, 0x0000000088000000, 0x0000000088100000|  0%| F|  |TAMS 0x0000000088000000, 0x0000000088000000| Untracked 
| 129|0x0000000088100000, 0x0000000088100000, 0x0000000088200000|  0%| F|  |TAMS 0x0000000088100000, 0x0000000088100000| Untracked 
| 130|0x0000000088200000, 0x0000000088200000, 0x0000000088300000|  0%| F|  |TAMS 0x0000000088200000, 0x0000000088200000| Untracked 
| 131|0x0000000088300000, 0x0000000088300000, 0x0000000088400000|  0%| F|  |TAMS 0x0000000088300000, 0x0000000088300000| Untracked 
| 132|0x0000000088400000, 0x0000000088400000, 0x0000000088500000|  0%| F|  |TAMS 0x0000000088400000, 0x0000000088400000| Untracked 
| 133|0x0000000088500000, 0x0000000088500000, 0x0000000088600000|  0%| F|  |TAMS 0x0000000088500000, 0x0000000088500000| Untracked 
| 134|0x0000000088600000, 0x0000000088600000, 0x0000000088700000|  0%| F|  |TAMS 0x0000000088600000, 0x0000000088600000| Untracked 
| 135|0x0000000088700000, 0x0000000088700000, 0x0000000088800000|  0%| F|  |TAMS 0x0000000088700000, 0x0000000088700000| Untracked 
| 136|0x0000000088800000, 0x0000000088800000, 0x0000000088900000|  0%| F|  |TAMS 0x0000000088800000, 0x0000000088800000| Untracked 
| 137|0x0000000088900000, 0x0000000088900000, 0x0000000088a00000|  0%| F|  |TAMS 0x0000000088900000, 0x0000000088900000| Untracked 
| 138|0x0000000088a00000, 0x0000000088a00000, 0x0000000088b00000|  0%| F|  |TAMS 0x0000000088a00000, 0x0000000088a00000| Untracked 
| 139|0x0000000088b00000, 0x0000000088b00000, 0x0000000088c00000|  0%| F|  |TAMS 0x0000000088b00000, 0x0000000088b00000| Untracked 
| 140|0x0000000088c00000, 0x0000000088c00000, 0x0000000088d00000|  0%| F|  |TAMS 0x0000000088c00000, 0x0000000088c00000| Untracked 
| 141|0x0000000088d00000, 0x0000000088d00000, 0x0000000088e00000|  0%| F|  |TAMS 0x0000000088d00000, 0x0000000088d00000| Untracked 
| 142|0x0000000088e00000, 0x0000000088e00000, 0x0000000088f00000|  0%| F|  |TAMS 0x0000000088e00000, 0x0000000088e00000| Untracked 
| 143|0x0000000088f00000, 0x0000000088f00000, 0x0000000089000000|  0%| F|  |TAMS 0x0000000088f00000, 0x0000000088f00000| Untracked 
| 144|0x0000000089000000, 0x0000000089000000, 0x0000000089100000|  0%| F|  |TAMS 0x0000000089000000, 0x0000000089000000| Untracked 
| 145|0x0000000089100000, 0x0000000089100000, 0x0000000089200000|  0%| F|  |TAMS 0x0000000089100000, 0x0000000089100000| Untracked 
| 146|0x0000000089200000, 0x0000000089200000, 0x0000000089300000|  0%| F|  |TAMS 0x0000000089200000, 0x0000000089200000| Untracked 
| 147|0x0000000089300000, 0x0000000089300000, 0x0000000089400000|  0%| F|  |TAMS 0x0000000089300000, 0x0000000089300000| Untracked 
| 148|0x0000000089400000, 0x0000000089400000, 0x0000000089500000|  0%| F|  |TAMS 0x0000000089400000, 0x0000000089400000| Untracked 
| 149|0x0000000089500000, 0x0000000089500000, 0x0000000089600000|  0%| F|  |TAMS 0x0000000089500000, 0x0000000089500000| Untracked 
| 150|0x0000000089600000, 0x0000000089600000, 0x0000000089700000|  0%| F|  |TAMS 0x0000000089600000, 0x0000000089600000| Untracked 
| 151|0x0000000089700000, 0x0000000089700000, 0x0000000089800000|  0%| F|  |TAMS 0x0000000089700000, 0x0000000089700000| Untracked 
| 152|0x0000000089800000, 0x0000000089800000, 0x0000000089900000|  0%| F|  |TAMS 0x0000000089800000, 0x0000000089800000| Untracked 
| 153|0x0000000089900000, 0x0000000089900000, 0x0000000089a00000|  0%| F|  |TAMS 0x0000000089900000, 0x0000000089900000| Untracked 
| 154|0x0000000089a00000, 0x0000000089a00000, 0x0000000089b00000|  0%| F|  |TAMS 0x0000000089a00000, 0x0000000089a00000| Untracked 
| 155|0x0000000089b00000, 0x0000000089b00000, 0x0000000089c00000|  0%| F|  |TAMS 0x0000000089b00000, 0x0000000089b00000| Untracked 
| 156|0x0000000089c00000, 0x0000000089c00000, 0x0000000089d00000|  0%| F|  |TAMS 0x0000000089c00000, 0x0000000089c00000| Untracked 
| 157|0x0000000089d00000, 0x0000000089d00000, 0x0000000089e00000|  0%| F|  |TAMS 0x0000000089d00000, 0x0000000089d00000| Untracked 
| 158|0x0000000089e00000, 0x0000000089e00000, 0x0000000089f00000|  0%| F|  |TAMS 0x0000000089e00000, 0x0000000089e00000| Untracked 
| 159|0x0000000089f00000, 0x0000000089f00000, 0x000000008a000000|  0%| F|  |TAMS 0x0000000089f00000, 0x0000000089f00000| Untracked 
| 160|0x000000008a000000, 0x000000008a000000, 0x000000008a100000|  0%| F|  |TAMS 0x000000008a000000, 0x000000008a000000| Untracked 
| 161|0x000000008a100000, 0x000000008a100000, 0x000000008a200000|  0%| F|  |TAMS 0x000000008a100000, 0x000000008a100000| Untracked 
| 162|0x000000008a200000, 0x000000008a200000, 0x000000008a300000|  0%| F|  |TAMS 0x000000008a200000, 0x000000008a200000| Untracked 
| 163|0x000000008a300000, 0x000000008a300000, 0x000000008a400000|  0%| F|  |TAMS 0x000000008a300000, 0x000000008a300000| Untracked 
| 164|0x000000008a400000, 0x000000008a400000, 0x000000008a500000|  0%| F|  |TAMS 0x000000008a400000, 0x000000008a400000| Untracked 
| 165|0x000000008a500000, 0x000000008a500000, 0x000000008a600000|  0%| F|  |TAMS 0x000000008a500000, 0x000000008a500000| Untracked 
| 166|0x000000008a600000, 0x000000008a600000, 0x000000008a700000|  0%| F|  |TAMS 0x000000008a600000, 0x000000008a600000| Untracked 
| 167|0x000000008a700000, 0x000000008a700000, 0x000000008a800000|  0%| F|  |TAMS 0x000000008a700000, 0x000000008a700000| Untracked 
| 168|0x000000008a800000, 0x000000008a800000, 0x000000008a900000|  0%| F|  |TAMS 0x000000008a800000, 0x000000008a800000| Untracked 
| 169|0x000000008a900000, 0x000000008a900000, 0x000000008aa00000|  0%| F|  |TAMS 0x000000008a900000, 0x000000008a900000| Untracked 
| 170|0x000000008aa00000, 0x000000008aa00000, 0x000000008ab00000|  0%| F|  |TAMS 0x000000008aa00000, 0x000000008aa00000| Untracked 
| 171|0x000000008ab00000, 0x000000008ab00000, 0x000000008ac00000|  0%| F|  |TAMS 0x000000008ab00000, 0x000000008ab00000| Untracked 
| 172|0x000000008ac00000, 0x000000008ac00000, 0x000000008ad00000|  0%| F|  |TAMS 0x000000008ac00000, 0x000000008ac00000| Untracked 
| 173|0x000000008ad00000, 0x000000008ad00000, 0x000000008ae00000|  0%| F|  |TAMS 0x000000008ad00000, 0x000000008ad00000| Untracked 
| 174|0x000000008ae00000, 0x000000008ae00000, 0x000000008af00000|  0%| F|  |TAMS 0x000000008ae00000, 0x000000008ae00000| Untracked 
| 175|0x000000008af00000, 0x000000008af00000, 0x000000008b000000|  0%| F|  |TAMS 0x000000008af00000, 0x000000008af00000| Untracked 
| 176|0x000000008b000000, 0x000000008b000000, 0x000000008b100000|  0%| F|  |TAMS 0x000000008b000000, 0x000000008b000000| Untracked 
| 177|0x000000008b100000, 0x000000008b100000, 0x000000008b200000|  0%| F|  |TAMS 0x000000008b100000, 0x000000008b100000| Untracked 
| 178|0x000000008b200000, 0x000000008b200000, 0x000000008b300000|  0%| F|  |TAMS 0x000000008b200000, 0x000000008b200000| Untracked 
| 179|0x000000008b300000, 0x000000008b300000, 0x000000008b400000|  0%| F|  |TAMS 0x000000008b300000, 0x000000008b300000| Untracked 
| 180|0x000000008b400000, 0x000000008b400000, 0x000000008b500000|  0%| F|  |TAMS 0x000000008b400000, 0x000000008b400000| Untracked 
| 181|0x000000008b500000, 0x000000008b500000, 0x000000008b600000|  0%| F|  |TAMS 0x000000008b500000, 0x000000008b500000| Untracked 
| 182|0x000000008b600000, 0x000000008b600000, 0x000000008b700000|  0%| F|  |TAMS 0x000000008b600000, 0x000000008b600000| Untracked 
| 183|0x000000008b700000, 0x000000008b700000, 0x000000008b800000|  0%| F|  |TAMS 0x000000008b700000, 0x000000008b700000| Untracked 
| 184|0x000000008b800000, 0x000000008b800000, 0x000000008b900000|  0%| F|  |TAMS 0x000000008b800000, 0x000000008b800000| Untracked 
| 185|0x000000008b900000, 0x000000008b900000, 0x000000008ba00000|  0%| F|  |TAMS 0x000000008b900000, 0x000000008b900000| Untracked 
| 186|0x000000008ba00000, 0x000000008ba00000, 0x000000008bb00000|  0%| F|  |TAMS 0x000000008ba00000, 0x000000008ba00000| Untracked 
| 187|0x000000008bb00000, 0x000000008bb00000, 0x000000008bc00000|  0%| F|  |TAMS 0x000000008bb00000, 0x000000008bb00000| Untracked 
| 188|0x000000008bc00000, 0x000000008bc00000, 0x000000008bd00000|  0%| F|  |TAMS 0x000000008bc00000, 0x000000008bc00000| Untracked 
| 189|0x000000008bd00000, 0x000000008bd00000, 0x000000008be00000|  0%| F|  |TAMS 0x000000008bd00000, 0x000000008bd00000| Untracked 
| 190|0x000000008be00000, 0x000000008be00000, 0x000000008bf00000|  0%| F|  |TAMS 0x000000008be00000, 0x000000008be00000| Untracked 
| 191|0x000000008bf00000, 0x000000008bf00000, 0x000000008c000000|  0%| F|  |TAMS 0x000000008bf00000, 0x000000008bf00000| Untracked 
| 192|0x000000008c000000, 0x000000008c000000, 0x000000008c100000|  0%| F|  |TAMS 0x000000008c000000, 0x000000008c000000| Untracked 
| 193|0x000000008c100000, 0x000000008c100000, 0x000000008c200000|  0%| F|  |TAMS 0x000000008c100000, 0x000000008c100000| Untracked 
| 194|0x000000008c200000, 0x000000008c200000, 0x000000008c300000|  0%| F|  |TAMS 0x000000008c200000, 0x000000008c200000| Untracked 
| 195|0x000000008c300000, 0x000000008c300000, 0x000000008c400000|  0%| F|  |TAMS 0x000000008c300000, 0x000000008c300000| Untracked 
| 196|0x000000008c400000, 0x000000008c400000, 0x000000008c500000|  0%| F|  |TAMS 0x000000008c400000, 0x000000008c400000| Untracked 
| 197|0x000000008c500000, 0x000000008c500000, 0x000000008c600000|  0%| F|  |TAMS 0x000000008c500000, 0x000000008c500000| Untracked 
| 198|0x000000008c600000, 0x000000008c600000, 0x000000008c700000|  0%| F|  |TAMS 0x000000008c600000, 0x000000008c600000| Untracked 
| 199|0x000000008c700000, 0x000000008c700000, 0x000000008c800000|  0%| F|  |TAMS 0x000000008c700000, 0x000000008c700000| Untracked 
| 200|0x000000008c800000, 0x000000008c800000, 0x000000008c900000|  0%| F|  |TAMS 0x000000008c800000, 0x000000008c800000| Untracked 
| 201|0x000000008c900000, 0x000000008c900000, 0x000000008ca00000|  0%| F|  |TAMS 0x000000008c900000, 0x000000008c900000| Untracked 
| 202|0x000000008ca00000, 0x000000008ca00000, 0x000000008cb00000|  0%| F|  |TAMS 0x000000008ca00000, 0x000000008ca00000| Untracked 
| 203|0x000000008cb00000, 0x000000008cb00000, 0x000000008cc00000|  0%| F|  |TAMS 0x000000008cb00000, 0x000000008cb00000| Untracked 
| 204|0x000000008cc00000, 0x000000008cc00000, 0x000000008cd00000|  0%| F|  |TAMS 0x000000008cc00000, 0x000000008cc00000| Untracked 
| 205|0x000000008cd00000, 0x000000008cd00000, 0x000000008ce00000|  0%| F|  |TAMS 0x000000008cd00000, 0x000000008cd00000| Untracked 
| 206|0x000000008ce00000, 0x000000008ce00000, 0x000000008cf00000|  0%| F|  |TAMS 0x000000008ce00000, 0x000000008ce00000| Untracked 
| 207|0x000000008cf00000, 0x000000008cf00000, 0x000000008d000000|  0%| F|  |TAMS 0x000000008cf00000, 0x000000008cf00000| Untracked 
| 208|0x000000008d000000, 0x000000008d000000, 0x000000008d100000|  0%| F|  |TAMS 0x000000008d000000, 0x000000008d000000| Untracked 
| 209|0x000000008d100000, 0x000000008d100000, 0x000000008d200000|  0%| F|  |TAMS 0x000000008d100000, 0x000000008d100000| Untracked 
| 210|0x000000008d200000, 0x000000008d200000, 0x000000008d300000|  0%| F|  |TAMS 0x000000008d200000, 0x000000008d200000| Untracked 
| 211|0x000000008d300000, 0x000000008d300000, 0x000000008d400000|  0%| F|  |TAMS 0x000000008d300000, 0x000000008d300000| Untracked 
| 212|0x000000008d400000, 0x000000008d400000, 0x000000008d500000|  0%| F|  |TAMS 0x000000008d400000, 0x000000008d400000| Untracked 
| 213|0x000000008d500000, 0x000000008d500000, 0x000000008d600000|  0%| F|  |TAMS 0x000000008d500000, 0x000000008d500000| Untracked 
| 214|0x000000008d600000, 0x000000008d600000, 0x000000008d700000|  0%| F|  |TAMS 0x000000008d600000, 0x000000008d600000| Untracked 
| 215|0x000000008d700000, 0x000000008d700000, 0x000000008d800000|  0%| F|  |TAMS 0x000000008d700000, 0x000000008d700000| Untracked 
| 216|0x000000008d800000, 0x000000008d800000, 0x000000008d900000|  0%| F|  |TAMS 0x000000008d800000, 0x000000008d800000| Untracked 
| 217|0x000000008d900000, 0x000000008d900000, 0x000000008da00000|  0%| F|  |TAMS 0x000000008d900000, 0x000000008d900000| Untracked 
| 218|0x000000008da00000, 0x000000008da00000, 0x000000008db00000|  0%| F|  |TAMS 0x000000008da00000, 0x000000008da00000| Untracked 
| 219|0x000000008db00000, 0x000000008db00000, 0x000000008dc00000|  0%| F|  |TAMS 0x000000008db00000, 0x000000008db00000| Untracked 
| 220|0x000000008dc00000, 0x000000008dc00000, 0x000000008dd00000|  0%| F|  |TAMS 0x000000008dc00000, 0x000000008dc00000| Untracked 
| 221|0x000000008dd00000, 0x000000008dd00000, 0x000000008de00000|  0%| F|  |TAMS 0x000000008dd00000, 0x000000008dd00000| Untracked 
| 222|0x000000008de00000, 0x000000008de00000, 0x000000008df00000|  0%| F|  |TAMS 0x000000008de00000, 0x000000008de00000| Untracked 
| 223|0x000000008df00000, 0x000000008df00000, 0x000000008e000000|  0%| F|  |TAMS 0x000000008df00000, 0x000000008df00000| Untracked 
| 224|0x000000008e000000, 0x000000008e000000, 0x000000008e100000|  0%| F|  |TAMS 0x000000008e000000, 0x000000008e000000| Untracked 
| 225|0x000000008e100000, 0x000000008e100000, 0x000000008e200000|  0%| F|  |TAMS 0x000000008e100000, 0x000000008e100000| Untracked 
| 226|0x000000008e200000, 0x000000008e200000, 0x000000008e300000|  0%| F|  |TAMS 0x000000008e200000, 0x000000008e200000| Untracked 
| 227|0x000000008e300000, 0x000000008e300000, 0x000000008e400000|  0%| F|  |TAMS 0x000000008e300000, 0x000000008e300000| Untracked 
| 228|0x000000008e400000, 0x000000008e400000, 0x000000008e500000|  0%| F|  |TAMS 0x000000008e400000, 0x000000008e400000| Untracked 
| 229|0x000000008e500000, 0x000000008e500000, 0x000000008e600000|  0%| F|  |TAMS 0x000000008e500000, 0x000000008e500000| Untracked 
| 230|0x000000008e600000, 0x000000008e600000, 0x000000008e700000|  0%| F|  |TAMS 0x000000008e600000, 0x000000008e600000| Untracked 
| 231|0x000000008e700000, 0x000000008e700000, 0x000000008e800000|  0%| F|  |TAMS 0x000000008e700000, 0x000000008e700000| Untracked 
| 232|0x000000008e800000, 0x000000008e800000, 0x000000008e900000|  0%| F|  |TAMS 0x000000008e800000, 0x000000008e800000| Untracked 
| 233|0x000000008e900000, 0x000000008e900000, 0x000000008ea00000|  0%| F|  |TAMS 0x000000008e900000, 0x000000008e900000| Untracked 
| 234|0x000000008ea00000, 0x000000008ea00000, 0x000000008eb00000|  0%| F|  |TAMS 0x000000008ea00000, 0x000000008ea00000| Untracked 
| 235|0x000000008eb00000, 0x000000008eb00000, 0x000000008ec00000|  0%| F|  |TAMS 0x000000008eb00000, 0x000000008eb00000| Untracked 
| 236|0x000000008ec00000, 0x000000008ec00000, 0x000000008ed00000|  0%| F|  |TAMS 0x000000008ec00000, 0x000000008ec00000| Untracked 
| 237|0x000000008ed00000, 0x000000008ed00000, 0x000000008ee00000|  0%| F|  |TAMS 0x000000008ed00000, 0x000000008ed00000| Untracked 
| 238|0x000000008ee00000, 0x000000008ee00000, 0x000000008ef00000|  0%| F|  |TAMS 0x000000008ee00000, 0x000000008ee00000| Untracked 
| 239|0x000000008ef00000, 0x000000008ef00000, 0x000000008f000000|  0%| F|  |TAMS 0x000000008ef00000, 0x000000008ef00000| Untracked 
| 240|0x000000008f000000, 0x000000008f000000, 0x000000008f100000|  0%| F|  |TAMS 0x000000008f000000, 0x000000008f000000| Untracked 
| 241|0x000000008f100000, 0x000000008f100000, 0x000000008f200000|  0%| F|  |TAMS 0x000000008f100000, 0x000000008f100000| Untracked 
| 242|0x000000008f200000, 0x000000008f200000, 0x000000008f300000|  0%| F|  |TAMS 0x000000008f200000, 0x000000008f200000| Untracked 
| 243|0x000000008f300000, 0x000000008f300000, 0x000000008f400000|  0%| F|  |TAMS 0x000000008f300000, 0x000000008f300000| Untracked 
| 244|0x000000008f400000, 0x000000008f400000, 0x000000008f500000|  0%| F|  |TAMS 0x000000008f400000, 0x000000008f400000| Untracked 
| 245|0x000000008f500000, 0x000000008f600000, 0x000000008f600000|100%| E|  |TAMS 0x000000008f500000, 0x000000008f500000| Complete 
| 246|0x000000008f600000, 0x000000008f700000, 0x000000008f700000|100%| E|CS|TAMS 0x000000008f600000, 0x000000008f600000| Complete 
| 247|0x000000008f700000, 0x000000008f800000, 0x000000008f800000|100%| E|CS|TAMS 0x000000008f700000, 0x000000008f700000| Complete 
| 248|0x000000008f800000, 0x000000008f900000, 0x000000008f900000|100%| E|CS|TAMS 0x000000008f800000, 0x000000008f800000| Complete 
| 249|0x000000008f900000, 0x000000008fa00000, 0x000000008fa00000|100%| E|CS|TAMS 0x000000008f900000, 0x000000008f900000| Complete 
| 250|0x000000008fa00000, 0x000000008fb00000, 0x000000008fb00000|100%| E|CS|TAMS 0x000000008fa00000, 0x000000008fa00000| Complete 
| 251|0x000000008fb00000, 0x000000008fc00000, 0x000000008fc00000|100%| E|CS|TAMS 0x000000008fb00000, 0x000000008fb00000| Complete 
| 252|0x000000008fc00000, 0x000000008fd00000, 0x000000008fd00000|100%| E|CS|TAMS 0x000000008fc00000, 0x000000008fc00000| Complete 
| 253|0x000000008fd00000, 0x000000008fe00000, 0x000000008fe00000|100%| E|CS|TAMS 0x000000008fd00000, 0x000000008fd00000| Complete 
| 254|0x000000008fe00000, 0x000000008ff00000, 0x000000008ff00000|100%| E|CS|TAMS 0x000000008fe00000, 0x000000008fe00000| Complete 
| 255|0x000000008ff00000, 0x0000000090000000, 0x0000000090000000|100%| E|CS|TAMS 0x000000008ff00000, 0x000000008ff00000| Complete 

Card table byte_map: [0x0000020070db0000,0x00000200711b0000] _byte_map_base: 0x00000200709b0000

Marking Bits (Prev, Next): (CMBitMap*) 0x0000020059276b50, (CMBitMap*) 0x0000020059276b18
 Prev Bits: [0x00000200735b0000, 0x00000200755b0000)
 Next Bits: [0x00000200715b0000, 0x00000200735b0000)

Polling page: 0x0000020057140000

Metaspace:

Usage:
  Non-class:     69.55 MB capacity,    68.24 MB ( 98%) used,     1.07 MB (  2%) free+waste,   250.44 KB ( <1%) overhead. 
      Class:     11.11 MB capacity,    10.14 MB ( 91%) used,   873.88 KB (  8%) free+waste,   119.19 KB (  1%) overhead. 
       Both:     80.66 MB capacity,    78.37 MB ( 97%) used,     1.92 MB (  2%) free+waste,   369.63 KB ( <1%) overhead. 

Virtual space:
  Non-class space:       70.00 MB reserved,      69.58 MB (>99%) committed 
      Class space:      504.00 MB reserved,      11.20 MB (  2%) committed 
             Both:      574.00 MB reserved,      80.78 MB ( 14%) committed 

Chunk freelists:
   Non-Class:  26.00 KB
       Class:  19.00 KB
        Both:  45.00 KB

MaxMetaspaceSize: 512.00 MB
CompressedClassSpaceSize: 504.00 MB
Initial GC threshold: 20.80 MB
Current GC threshold: 98.59 MB
CDS: off

CodeHeap 'non-profiled nmethods': size=120064Kb used=5164Kb max_used=5164Kb free=114899Kb
 bounds [0x0000020069470000, 0x0000020069980000, 0x00000200709b0000]
CodeHeap 'profiled nmethods': size=120000Kb used=18590Kb max_used=18590Kb free=101409Kb
 bounds [0x0000020061f40000, 0x0000020063170000, 0x0000020069470000]
CodeHeap 'non-nmethods': size=5696Kb used=2387Kb max_used=2419Kb free=3308Kb
 bounds [0x00000200619b0000, 0x0000020061c20000, 0x0000020061f40000]
 total_blobs=9568 nmethods=8655 adapters=823
 compilation: enabled
              stopped_count=0, restarted_count=0
 full_count=0

Compilation events (20 events):
Event: 87.077 Thread 0x0000020078393800 nmethod 8647 0x0000020069978590 code [0x0000020069978860, 0x000002006997aa70]
Event: 88.140 Thread 0x0000020078397000 8648       3       java.util.jar.Manifest$FastInputStream::readLine (296 bytes)
Event: 88.140 Thread 0x0000020078397000 nmethod 8648 0x0000020063159d10 code [0x0000020063159f40, 0x000002006315a828]
Event: 88.227 Thread 0x0000020078397000 8649       3       jdk.internal.loader.URLClassPath$Loader::<init> (10 bytes)
Event: 88.228 Thread 0x0000020078397000 nmethod 8649 0x000002006315ab90 code [0x000002006315ad40, 0x000002006315aef8]
Event: 88.239 Thread 0x0000020078397000 8650       3       jdk.internal.loader.URLClassPath$JarLoader::<init> (67 bytes)
Event: 88.240 Thread 0x0000020078397000 nmethod 8650 0x000002006315af90 code [0x000002006315b260, 0x000002006315c038]
Event: 88.240 Thread 0x0000020078397000 8652   !   3       jdk.internal.loader.URLClassPath$JarLoader$1::run (175 bytes)
Event: 88.241 Thread 0x0000020078397000 nmethod 8652 0x000002006315c510 code [0x000002006315c800, 0x000002006315d8f8]
Event: 88.241 Thread 0x0000020078397000 8651       3       jdk.internal.loader.URLClassPath$JarLoader$1::run (5 bytes)
Event: 88.241 Thread 0x0000020078397000 nmethod 8651 0x000002006315e010 code [0x000002006315e1c0, 0x000002006315e308]
Event: 88.241 Thread 0x0000020078397000 8653       3       jdk.internal.loader.URLClassPath$JarLoader::getJarFile (102 bytes)
Event: 88.242 Thread 0x0000020078397000 nmethod 8653 0x000002006315e390 code [0x000002006315e6a0, 0x000002006315f4c8]
Event: 88.242 Thread 0x0000020078397000 8654       3       jdk.internal.loader.URLClassPath$JarLoader::isOptimizable (10 bytes)
Event: 88.242 Thread 0x0000020078397000 nmethod 8654 0x000002006315fa10 code [0x000002006315fbc0, 0x000002006315fd08]
Event: 88.242 Thread 0x0000020078397000 8655       3       jdk.internal.loader.FileURLMapper::<init> (10 bytes)
Event: 88.242 Thread 0x0000020078397000 nmethod 8655 0x000002006315fe10 code [0x000002006315ffc0, 0x0000020063160178]
Event: 91.684 Thread 0x0000020078393800 8656 %     4       java.util.zip.ZipFile$Source::initCEN @ 228 (697 bytes)
Event: 91.722 Thread 0x0000020078397000 8658   !   3       java.util.jar.Attributes::read (354 bytes)
Event: 91.724 Thread 0x0000020078397000 nmethod 8658 0x0000020063160210 code [0x00000200631607a0, 0x0000020063163978]

GC Heap History (20 events):
Event: 11.763 GC heap before
{Heap before GC invocations=1 (full 0):
 garbage-first heap   total 262144K, used 68318K [0x0000000080000000, 0x0000000100000000)
  region size 1024K, 60 young (61440K), 2 survivors (2048K)
 Metaspace       used 11766K, capacity 12137K, committed 12416K, reserved 528384K
  class space    used 1256K, capacity 1348K, committed 1408K, reserved 516096K
}
Event: 11.789 GC heap after
{Heap after GC invocations=2 (full 0):
 garbage-first heap   total 262144K, used 15397K [0x0000000080000000, 0x0000000100000000)
  region size 1024K, 8 young (8192K), 8 survivors (8192K)
 Metaspace       used 11766K, capacity 12137K, committed 12416K, reserved 528384K
  class space    used 1256K, capacity 1348K, committed 1408K, reserved 516096K
}
Event: 14.951 GC heap before
{Heap before GC invocations=2 (full 0):
 garbage-first heap   total 262144K, used 34853K [0x0000000080000000, 0x0000000100000000)
  region size 1024K, 27 young (27648K), 8 survivors (8192K)
 Metaspace       used 17641K, capacity 18069K, committed 18432K, reserved 532480K
  class space    used 2030K, capacity 2178K, committed 2304K, reserved 516096K
}
Event: 14.957 GC heap after
{Heap after GC invocations=3 (full 0):
 garbage-first heap   total 262144K, used 17368K [0x0000000080000000, 0x0000000100000000)
  region size 1024K, 2 young (2048K), 2 survivors (2048K)
 Metaspace       used 17641K, capacity 18069K, committed 18432K, reserved 532480K
  class space    used 2030K, capacity 2178K, committed 2304K, reserved 516096K
}
Event: 17.732 GC heap before
{Heap before GC invocations=3 (full 0):
 garbage-first heap   total 262144K, used 39896K [0x0000000080000000, 0x0000000100000000)
  region size 1024K, 25 young (25600K), 2 survivors (2048K)
 Metaspace       used 20707K, capacity 21156K, committed 21296K, reserved 536576K
  class space    used 2475K, capacity 2620K, committed 2688K, reserved 516096K
}
Event: 17.751 GC heap after
{Heap after GC invocations=4 (full 0):
 garbage-first heap   total 262144K, used 18053K [0x0000000080000000, 0x0000000100000000)
  region size 1024K, 3 young (3072K), 3 survivors (3072K)
 Metaspace       used 20707K, capacity 21156K, committed 21296K, reserved 536576K
  class space    used 2475K, capacity 2620K, committed 2688K, reserved 516096K
}
Event: 22.896 GC heap before
{Heap before GC invocations=5 (full 0):
 garbage-first heap   total 262144K, used 63109K [0x0000000080000000, 0x0000000100000000)
  region size 1024K, 48 young (49152K), 3 survivors (3072K)
 Metaspace       used 24682K, capacity 25289K, committed 25520K, reserved 538624K
  class space    used 3114K, capacity 3318K, committed 3328K, reserved 516096K
}
Event: 22.900 GC heap after
{Heap after GC invocations=6 (full 0):
 garbage-first heap   total 262144K, used 19599K [0x0000000080000000, 0x0000000100000000)
  region size 1024K, 5 young (5120K), 5 survivors (5120K)
 Metaspace       used 24682K, capacity 25289K, committed 25520K, reserved 538624K
  class space    used 3114K, capacity 3318K, committed 3328K, reserved 516096K
}
Event: 26.990 GC heap before
{Heap before GC invocations=6 (full 0):
 garbage-first heap   total 262144K, used 83087K [0x0000000080000000, 0x0000000100000000)
  region size 1024K, 67 young (68608K), 5 survivors (5120K)
 Metaspace       used 30753K, capacity 31543K, committed 31792K, reserved 544768K
  class space    used 4059K, capacity 4365K, committed 4480K, reserved 516096K
}
Event: 26.996 GC heap after
{Heap after GC invocations=7 (full 0):
 garbage-first heap   total 262144K, used 21708K [0x0000000080000000, 0x0000000100000000)
  region size 1024K, 7 young (7168K), 7 survivors (7168K)
 Metaspace       used 30753K, capacity 31543K, committed 31792K, reserved 544768K
  class space    used 4059K, capacity 4365K, committed 4480K, reserved 516096K
}
Event: 29.257 GC heap before
{Heap before GC invocations=7 (full 0):
 garbage-first heap   total 262144K, used 41164K [0x0000000080000000, 0x0000000100000000)
  region size 1024K, 27 young (27648K), 7 survivors (7168K)
 Metaspace       used 35040K, capacity 35847K, committed 35920K, reserved 548864K
  class space    used 4494K, capacity 4846K, committed 4864K, reserved 516096K
}
Event: 29.266 GC heap after
{Heap after GC invocations=8 (full 0):
 garbage-first heap   total 262144K, used 23576K [0x0000000080000000, 0x0000000100000000)
  region size 1024K, 8 young (8192K), 8 survivors (8192K)
 Metaspace       used 35040K, capacity 35847K, committed 35920K, reserved 548864K
  class space    used 4494K, capacity 4846K, committed 4864K, reserved 516096K
}
Event: 41.065 GC heap before
{Heap before GC invocations=9 (full 0):
 garbage-first heap   total 262144K, used 175128K [0x0000000080000000, 0x0000000100000000)
  region size 1024K, 153 young (156672K), 8 survivors (8192K)
 Metaspace       used 47200K, capacity 48471K, committed 48668K, reserved 559104K
  class space    used 6029K, capacity 6565K, committed 6604K, reserved 516096K
}
Event: 41.080 GC heap after
{Heap after GC invocations=10 (full 0):
 garbage-first heap   total 262144K, used 33263K [0x0000000080000000, 0x0000000100000000)
  region size 1024K, 18 young (18432K), 18 survivors (18432K)
 Metaspace       used 47200K, capacity 48471K, committed 48668K, reserved 559104K
  class space    used 6029K, capacity 6565K, committed 6604K, reserved 516096K
}
Event: 62.542 GC heap before
{Heap before GC invocations=10 (full 0):
 garbage-first heap   total 262144K, used 146927K [0x0000000080000000, 0x0000000100000000)
  region size 1024K, 124 young (126976K), 18 survivors (18432K)
 Metaspace       used 58605K, capacity 60182K, committed 60316K, reserved 569344K
  class space    used 7494K, capacity 8137K, committed 8268K, reserved 516096K
}
Event: 62.562 GC heap after
{Heap after GC invocations=11 (full 0):
 garbage-first heap   total 262144K, used 45544K [0x0000000080000000, 0x0000000100000000)
  region size 1024K, 16 young (16384K), 16 survivors (16384K)
 Metaspace       used 58605K, capacity 60182K, committed 60316K, reserved 569344K
  class space    used 7494K, capacity 8137K, committed 8268K, reserved 516096K
}
Event: 71.520 GC heap before
{Heap before GC invocations=12 (full 0):
 garbage-first heap   total 262144K, used 185832K [0x0000000080000000, 0x0000000100000000)
  region size 1024K, 153 young (156672K), 16 survivors (16384K)
 Metaspace       used 70735K, capacity 72554K, committed 72732K, reserved 579584K
  class space    used 9124K, capacity 9890K, committed 9932K, reserved 516096K
}
Event: 71.536 GC heap after
{Heap after GC invocations=13 (full 0):
 garbage-first heap   total 262144K, used 51467K [0x0000000080000000, 0x0000000100000000)
  region size 1024K, 13 young (13312K), 13 survivors (13312K)
 Metaspace       used 70735K, capacity 72554K, committed 72732K, reserved 579584K
  class space    used 9124K, capacity 9890K, committed 9932K, reserved 516096K
}
Event: 85.939 GC heap before
{Heap before GC invocations=13 (full 0):
 garbage-first heap   total 262144K, used 194827K [0x0000000080000000, 0x0000000100000000)
  region size 1024K, 153 young (156672K), 13 survivors (13312K)
 Metaspace       used 79291K, capacity 81619K, committed 81820K, reserved 587776K
  class space    used 10267K, capacity 11237K, committed 11340K, reserved 516096K
}
Event: 85.957 GC heap after
{Heap after GC invocations=14 (full 0):
 garbage-first heap   total 262144K, used 62337K [0x0000000080000000, 0x0000000100000000)
  region size 1024K, 16 young (16384K), 16 survivors (16384K)
 Metaspace       used 79291K, capacity 81619K, committed 81820K, reserved 587776K
  class space    used 10267K, capacity 11237K, committed 11340K, reserved 516096K
}

Deoptimization events (20 events):
Event: 81.265 Thread 0x000002007c7b7000 Uncommon trap: trap_request=0xffffffde fr.pc=0x00000200695abd80 relative=0x0000000000000340
Event: 81.265 Thread 0x000002007c7b7000 Uncommon trap: reason=class_check action=maybe_recompile pc=0x00000200695abd80 method=java.util.Collections$SetFromMap.remove(Ljava/lang/Object;)Z @ 5 c2
Event: 81.265 Thread 0x000002007c7b7000 DEOPT PACKING pc=0x00000200695abd80 sp=0x00000095f92fe8b0
Event: 81.265 Thread 0x000002007c7b7000 DEOPT UNPACKING pc=0x00000200619fa1af sp=0x00000095f92fe898 mode 2
Event: 81.273 Thread 0x000002007c7b7000 Uncommon trap: trap_request=0xffffffde fr.pc=0x00000200695abd80 relative=0x0000000000000340
Event: 81.273 Thread 0x000002007c7b7000 Uncommon trap: reason=class_check action=maybe_recompile pc=0x00000200695abd80 method=java.util.Collections$SetFromMap.remove(Ljava/lang/Object;)Z @ 5 c2
Event: 81.273 Thread 0x000002007c7b7000 DEOPT PACKING pc=0x00000200695abd80 sp=0x00000095f92fe8b0
Event: 81.273 Thread 0x000002007c7b7000 DEOPT UNPACKING pc=0x00000200619fa1af sp=0x00000095f92fe898 mode 2
Event: 81.349 Thread 0x0000020078abb800 Uncommon trap: trap_request=0xffffffc6 fr.pc=0x00000200698d1710 relative=0x0000000000000230
Event: 81.349 Thread 0x0000020078abb800 Uncommon trap: reason=bimorphic_or_optimized_type_check action=maybe_recompile pc=0x00000200698d1710 method=com.google.common.collect.ImmutableList.copyOf(Ljava/util/Collection;)Lcom/google/common/collect/ImmutableList; @ 16 c2
Event: 81.349 Thread 0x0000020078abb800 DEOPT PACKING pc=0x00000200698d1710 sp=0x00000095f5bf9a80
Event: 81.349 Thread 0x0000020078abb800 DEOPT UNPACKING pc=0x00000200619fa1af sp=0x00000095f5bf9a48 mode 2
Event: 81.726 Thread 0x0000020078abb800 DEOPT PACKING pc=0x00000200625ea7f4 sp=0x00000095f5bf7dd0
Event: 81.726 Thread 0x0000020078abb800 DEOPT UNPACKING pc=0x00000200619fa95e sp=0x00000095f5bf7370 mode 0
Event: 83.925 Thread 0x0000020078abb800 Uncommon trap: trap_request=0xffffff4d fr.pc=0x0000020069779a24 relative=0x0000000000000324
Event: 83.925 Thread 0x0000020078abb800 Uncommon trap: reason=unstable_if action=reinterpret pc=0x0000020069779a24 method=org.gradle.internal.snapshot.PathUtil.equalChars(CCLorg/gradle/internal/snapshot/CaseSensitivity;)Z @ 11 c2
Event: 83.925 Thread 0x0000020078abb800 DEOPT PACKING pc=0x0000020069779a24 sp=0x00000095f5bf7de0
Event: 83.925 Thread 0x0000020078abb800 DEOPT UNPACKING pc=0x00000200619fa1af sp=0x00000095f5bf7d78 mode 2
Event: 85.414 Thread 0x0000020078abb800 DEOPT PACKING pc=0x0000020062848071 sp=0x00000095f5bf94b0
Event: 85.414 Thread 0x0000020078abb800 DEOPT UNPACKING pc=0x00000200619fa95e sp=0x00000095f5bf89a8 mode 0

Classes redefined (0 events):
No events

Internal exceptions (20 events):
Event: 88.141 Thread 0x0000020078abb800 Exception <a 'java/security/PrivilegedActionException'{0x000000008fd97440}> (0x000000008fd97440) thrown at [./src/hotspot/share/prims/jvm.cpp, line 1306]
Event: 88.141 Thread 0x0000020078abb800 Exception <a 'java/security/PrivilegedActionException'{0x000000008fd989a8}> (0x000000008fd989a8) thrown at [./src/hotspot/share/prims/jvm.cpp, line 1306]
Event: 88.141 Thread 0x0000020078abb800 Exception <a 'java/security/PrivilegedActionException'{0x000000008fd9be38}> (0x000000008fd9be38) thrown at [./src/hotspot/share/prims/jvm.cpp, line 1306]
Event: 88.141 Thread 0x0000020078abb800 Exception <a 'java/security/PrivilegedActionException'{0x000000008fd9d3a0}> (0x000000008fd9d3a0) thrown at [./src/hotspot/share/prims/jvm.cpp, line 1306]
Event: 88.141 Thread 0x0000020078abb800 Exception <a 'java/security/PrivilegedActionException'{0x000000008fda07f8}> (0x000000008fda07f8) thrown at [./src/hotspot/share/prims/jvm.cpp, line 1306]
Event: 88.141 Thread 0x0000020078abb800 Exception <a 'java/security/PrivilegedActionException'{0x000000008fda1d60}> (0x000000008fda1d60) thrown at [./src/hotspot/share/prims/jvm.cpp, line 1306]
Event: 88.141 Thread 0x0000020078abb800 Exception <a 'java/security/PrivilegedActionException'{0x000000008fda51f8}> (0x000000008fda51f8) thrown at [./src/hotspot/share/prims/jvm.cpp, line 1306]
Event: 88.141 Thread 0x0000020078abb800 Exception <a 'java/security/PrivilegedActionException'{0x000000008fda6760}> (0x000000008fda6760) thrown at [./src/hotspot/share/prims/jvm.cpp, line 1306]
Event: 88.141 Thread 0x0000020078abb800 Exception <a 'java/security/PrivilegedActionException'{0x000000008fda9c20}> (0x000000008fda9c20) thrown at [./src/hotspot/share/prims/jvm.cpp, line 1306]
Event: 88.142 Thread 0x0000020078abb800 Exception <a 'java/security/PrivilegedActionException'{0x000000008fdab188}> (0x000000008fdab188) thrown at [./src/hotspot/share/prims/jvm.cpp, line 1306]
Event: 88.142 Thread 0x0000020078abb800 Exception <a 'java/security/PrivilegedActionException'{0x000000008fdae8a8}> (0x000000008fdae8a8) thrown at [./src/hotspot/share/prims/jvm.cpp, line 1306]
Event: 88.142 Thread 0x0000020078abb800 Exception <a 'java/security/PrivilegedActionException'{0x000000008fdafe10}> (0x000000008fdafe10) thrown at [./src/hotspot/share/prims/jvm.cpp, line 1306]
Event: 88.142 Thread 0x0000020078abb800 Exception <a 'java/security/PrivilegedActionException'{0x000000008fdb3268}> (0x000000008fdb3268) thrown at [./src/hotspot/share/prims/jvm.cpp, line 1306]
Event: 88.142 Thread 0x0000020078abb800 Exception <a 'java/security/PrivilegedActionException'{0x000000008fdb47d0}> (0x000000008fdb47d0) thrown at [./src/hotspot/share/prims/jvm.cpp, line 1306]
Event: 88.142 Thread 0x0000020078abb800 Exception <a 'java/security/PrivilegedActionException'{0x000000008fdb7c70}> (0x000000008fdb7c70) thrown at [./src/hotspot/share/prims/jvm.cpp, line 1306]
Event: 88.142 Thread 0x0000020078abb800 Exception <a 'java/security/PrivilegedActionException'{0x000000008fdb91d8}> (0x000000008fdb91d8) thrown at [./src/hotspot/share/prims/jvm.cpp, line 1306]
Event: 88.142 Thread 0x0000020078abb800 Exception <a 'java/security/PrivilegedActionException'{0x000000008fdbc6e8}> (0x000000008fdbc6e8) thrown at [./src/hotspot/share/prims/jvm.cpp, line 1306]
Event: 88.142 Thread 0x0000020078abb800 Exception <a 'java/security/PrivilegedActionException'{0x000000008fdbdc50}> (0x000000008fdbdc50) thrown at [./src/hotspot/share/prims/jvm.cpp, line 1306]
Event: 88.142 Thread 0x0000020078abb800 Exception <a 'java/security/PrivilegedActionException'{0x000000008fdc1070}> (0x000000008fdc1070) thrown at [./src/hotspot/share/prims/jvm.cpp, line 1306]
Event: 88.142 Thread 0x0000020078abb800 Exception <a 'java/security/PrivilegedActionException'{0x000000008fdc25d8}> (0x000000008fdc25d8) thrown at [./src/hotspot/share/prims/jvm.cpp, line 1306]

Events (20 events):
Event: 90.408 loading class com/android/build/api/extension/impl/VariantApiOperationsRegistrar
Event: 90.408 loading class com/android/build/api/extension/impl/VariantApiOperationsRegistrar done
Event: 90.408 loading class com/android/build/api/extension/impl/DslLifecycleComponentsOperationsRegistrar
Event: 90.408 loading class com/android/build/api/extension/impl/DslLifecycleComponentsOperationsRegistrar done
Event: 90.409 loading class com/android/build/gradle/internal/tasks/factory/BootClasspathConfig
Event: 90.409 loading class com/android/build/gradle/internal/tasks/factory/BootClasspathConfig done
Event: 90.435 loading class com/android/build/gradle/internal/plugins/DslContainerProvider
Event: 90.435 loading class com/android/build/gradle/internal/plugins/DslContainerProvider done
Event: 90.435 loading class com/android/build/gradle/internal/services/VersionedSdkLoaderService
Event: 90.435 loading class com/android/build/gradle/internal/services/VersionedSdkLoaderService done
Event: 90.436 loading class com/android/build/gradle/internal/plugins/BasePlugin$ExtensionData
Event: 90.436 loading class com/android/build/gradle/internal/plugins/BasePlugin$ExtensionData done
Event: 90.436 loading class com/android/build/gradle/internal/tasks/factory/GlobalTaskCreationConfig
Event: 90.436 loading class com/android/build/gradle/internal/tasks/factory/GlobalTaskCreationConfig done
Event: 90.484 loading class com/android/build/gradle/internal/tasks/factory/TaskManagerConfig
Event: 90.484 loading class com/android/build/gradle/internal/tasks/factory/TaskManagerConfig done
Event: 90.485 loading class com/android/builder/model/v2/ide/ProjectType
Event: 90.485 loading class com/android/builder/model/v2/ide/ProjectType done
Event: 90.485 loading class com/google/wireless/android/sdk/stats/GradleBuildProject$PluginType
Event: 90.485 loading class com/google/wireless/android/sdk/stats/GradleBuildProject$PluginType done


Dynamic libraries:
0x00007ff7ab7b0000 - 0x00007ff7ab7bd000 	C:\Program Files\Microsoft\jdk-11.0.18.10-hotspot\bin\java.exe
0x00007ffc6bff0000 - 0x00007ffc6c1e8000 	C:\Windows\SYSTEM32\ntdll.dll
0x00007ffc6ab50000 - 0x00007ffc6ac0f000 	C:\Windows\System32\KERNEL32.DLL
0x00007ffc69700000 - 0x00007ffc699f6000 	C:\Windows\System32\KERNELBASE.dll
0x00007ffc69ce0000 - 0x00007ffc69de0000 	C:\Windows\System32\ucrtbase.dll
0x00007ffc62700000 - 0x00007ffc62717000 	C:\Program Files\Microsoft\jdk-11.0.18.10-hotspot\bin\jli.dll
0x00007ffc61c70000 - 0x00007ffc61c85000 	C:\Program Files\Microsoft\jdk-11.0.18.10-hotspot\bin\VCRUNTIME140.dll
0x00007ffc6b670000 - 0x00007ffc6b80d000 	C:\Windows\System32\USER32.dll
0x00007ffc696d0000 - 0x00007ffc696f2000 	C:\Windows\System32\win32u.dll
0x00007ffc61040000 - 0x00007ffc612da000 	C:\Windows\WinSxS\amd64_microsoft.windows.common-controls_6595b64144ccf1df_6.0.19041.1110_none_60b5254171f9507e\COMCTL32.dll
0x00007ffc6aac0000 - 0x00007ffc6aaec000 	C:\Windows\System32\GDI32.dll
0x00007ffc6b890000 - 0x00007ffc6b92e000 	C:\Windows\System32\msvcrt.dll
0x00007ffc69f30000 - 0x00007ffc6a045000 	C:\Windows\System32\gdi32full.dll
0x00007ffc69c40000 - 0x00007ffc69cdd000 	C:\Windows\System32\msvcp_win.dll
0x00007ffc6b9e0000 - 0x00007ffc6ba10000 	C:\Windows\System32\IMM32.DLL
0x00007ffc61bd0000 - 0x00007ffc61c6b000 	C:\Program Files\Microsoft\jdk-11.0.18.10-hotspot\bin\msvcp140.dll
0x00007ffc2d5a0000 - 0x00007ffc2e132000 	C:\Program Files\Microsoft\jdk-11.0.18.10-hotspot\bin\server\jvm.dll
0x00007ffc6b930000 - 0x00007ffc6b9df000 	C:\Windows\System32\ADVAPI32.dll
0x00007ffc6bbb0000 - 0x00007ffc6bc4c000 	C:\Windows\System32\sechost.dll
0x00007ffc6b080000 - 0x00007ffc6b1a6000 	C:\Windows\System32\RPCRT4.dll
0x00007ffc6b660000 - 0x00007ffc6b668000 	C:\Windows\System32\PSAPI.DLL
0x00007ffc66590000 - 0x00007ffc66599000 	C:\Windows\SYSTEM32\WSOCK32.dll
0x00007ffc5c5f0000 - 0x00007ffc5c617000 	C:\Windows\SYSTEM32\WINMM.dll
0x00007ffc6b360000 - 0x00007ffc6b3cb000 	C:\Windows\System32\WS2_32.dll
0x00007ffc62910000 - 0x00007ffc6291a000 	C:\Windows\SYSTEM32\VERSION.dll
0x00007ffc675a0000 - 0x00007ffc675b2000 	C:\Windows\SYSTEM32\kernel.appcore.dll
0x00007ffc65150000 - 0x00007ffc65160000 	C:\Program Files\Microsoft\jdk-11.0.18.10-hotspot\bin\verify.dll
0x00007ffc50060000 - 0x00007ffc50244000 	C:\Windows\SYSTEM32\DBGHELP.DLL
0x00007ffc50020000 - 0x00007ffc50054000 	C:\Windows\SYSTEM32\dbgcore.DLL
0x00007ffc69b60000 - 0x00007ffc69be2000 	C:\Windows\System32\bcryptPrimitives.dll
0x00007ffc5f6f0000 - 0x00007ffc5f718000 	C:\Program Files\Microsoft\jdk-11.0.18.10-hotspot\bin\java.dll
0x00007ffc61bc0000 - 0x00007ffc61bca000 	C:\Program Files\Microsoft\jdk-11.0.18.10-hotspot\bin\jimage.dll
0x00007ffc60790000 - 0x00007ffc607a8000 	C:\Program Files\Microsoft\jdk-11.0.18.10-hotspot\bin\zip.dll
0x00007ffc6a370000 - 0x00007ffc6aab4000 	C:\Windows\System32\SHELL32.dll
0x00007ffc677a0000 - 0x00007ffc67f34000 	C:\Windows\SYSTEM32\windows.storage.dll
0x00007ffc6bc50000 - 0x00007ffc6bfa4000 	C:\Windows\System32\combase.dll
0x00007ffc69110000 - 0x00007ffc6913e000 	C:\Windows\SYSTEM32\Wldp.dll
0x00007ffc6a2c0000 - 0x00007ffc6a36d000 	C:\Windows\System32\SHCORE.dll
0x00007ffc6a050000 - 0x00007ffc6a0a5000 	C:\Windows\System32\shlwapi.dll
0x00007ffc69600000 - 0x00007ffc69625000 	C:\Windows\SYSTEM32\profapi.dll
0x00007ffc5f680000 - 0x00007ffc5f699000 	C:\Program Files\Microsoft\jdk-11.0.18.10-hotspot\bin\net.dll
0x00007ffc5bc00000 - 0x00007ffc5bd0a000 	C:\Windows\SYSTEM32\WINHTTP.dll
0x00007ffc68e70000 - 0x00007ffc68eda000 	C:\Windows\system32\mswsock.dll
0x00007ffc5f660000 - 0x00007ffc5f673000 	C:\Program Files\Microsoft\jdk-11.0.18.10-hotspot\bin\nio.dll
0x00007ffc5f630000 - 0x00007ffc5f657000 	C:\Users\PC ONE\.gradle\native\68d5fa5c4cc2d200863cafc0d521ce42e7d3e7ee720ec0a83991735586a16f82\windows-amd64\native-platform.dll
0x00007ffc2d450000 - 0x00007ffc2d594000 	C:\Users\PC ONE\.gradle\native\e376f236ea51e6404a007f0833ffe2c6e607c4080706a723a18a27aeea778392\windows-amd64\native-platform-file-events.dll
0x00007ffc61bb0000 - 0x00007ffc61bb9000 	C:\Program Files\Microsoft\jdk-11.0.18.10-hotspot\bin\management.dll
0x00007ffc619e0000 - 0x00007ffc619eb000 	C:\Program Files\Microsoft\jdk-11.0.18.10-hotspot\bin\management_ext.dll
0x00007ffc69070000 - 0x00007ffc69088000 	C:\Windows\SYSTEM32\CRYPTSP.dll
0x00007ffc68720000 - 0x00007ffc68754000 	C:\Windows\system32\rsaenh.dll
0x00007ffc69f00000 - 0x00007ffc69f27000 	C:\Windows\System32\bcrypt.dll
0x00007ffc69580000 - 0x00007ffc695ae000 	C:\Windows\SYSTEM32\USERENV.dll
0x00007ffc69060000 - 0x00007ffc6906c000 	C:\Windows\SYSTEM32\CRYPTBASE.dll
0x00007ffc68af0000 - 0x00007ffc68b2c000 	C:\Windows\SYSTEM32\IPHLPAPI.DLL
0x00007ffc6bb40000 - 0x00007ffc6bb48000 	C:\Windows\System32\NSI.dll
0x00007ffc5bf40000 - 0x00007ffc5bf57000 	C:\Windows\SYSTEM32\dhcpcsvc6.DLL
0x00007ffc5c1a0000 - 0x00007ffc5c1bd000 	C:\Windows\SYSTEM32\dhcpcsvc.DLL
0x00007ffc68b60000 - 0x00007ffc68c2a000 	C:\Windows\SYSTEM32\DNSAPI.dll
0x00007ffc5f620000 - 0x00007ffc5f62e000 	C:\Program Files\Microsoft\jdk-11.0.18.10-hotspot\bin\sunmscapi.dll
0x00007ffc69a00000 - 0x00007ffc69b5e000 	C:\Windows\System32\CRYPT32.dll
0x00007ffc69180000 - 0x00007ffc691a8000 	C:\Windows\SYSTEM32\ncrypt.dll
0x00007ffc69140000 - 0x00007ffc6917b000 	C:\Windows\SYSTEM32\NTASN1.dll
0x00007ffc5e7b0000 - 0x00007ffc5e7d5000 	C:\Program Files\Microsoft\jdk-11.0.18.10-hotspot\bin\sunec.dll
0x00007ffc62470000 - 0x00007ffc6247a000 	C:\Windows\System32\rasadhlp.dll
0x00007ffc58e50000 - 0x00007ffc58ed2000 	C:\Windows\System32\fwpuclnt.dll

dbghelp: loaded successfully - version: 4.0.5 - missing functions: none
symbol engine: initialized successfully - sym options: 0x614 - pdb path: .;C:\Program Files\Microsoft\jdk-11.0.18.10-hotspot\bin;C:\Windows\SYSTEM32;C:\Windows\WinSxS\amd64_microsoft.windows.common-controls_6595b64144ccf1df_6.0.19041.1110_none_60b5254171f9507e;C:\Program Files\Microsoft\jdk-11.0.18.10-hotspot\bin\server;C:\Users\PC ONE\.gradle\native\68d5fa5c4cc2d200863cafc0d521ce42e7d3e7ee720ec0a83991735586a16f82\windows-amd64;C:\Users\PC ONE\.gradle\native\e376f236ea51e6404a007f0833ffe2c6e607c4080706a723a18a27aeea778392\windows-amd64

VM Arguments:
jvm_args: -XX:MaxMetaspaceSize=512m --add-opens=java.base/java.util=ALL-UNNAMED --add-opens=java.base/java.lang=ALL-UNNAMED --add-opens=java.base/java.lang.invoke=ALL-UNNAMED --add-opens=java.prefs/java.util.prefs=ALL-UNNAMED --add-opens=java.base/java.nio.charset=ALL-UNNAMED --add-opens=java.base/java.net=ALL-UNNAMED --add-opens=java.base/java.util.concurrent.atomic=ALL-UNNAMED -Xmx2048m -Dfile.encoding=windows-1252 -Duser.country=MX -Duser.language=es -Duser.variant 
java_command: org.gradle.launcher.daemon.bootstrap.GradleDaemon 8.0.1
java_class_path (initial): C:\Users\PC ONE\.gradle\wrapper\dists\gradle-8.0.1-all\aro4hu1c3oeioove7l0i4i14o\gradle-8.0.1\lib\gradle-launcher-8.0.1.jar
Launcher Type: SUN_STANDARD

[Global flags]
     intx CICompilerCount                          = 3                                         {product} {ergonomic}
   size_t CompressedClassSpaceSize                 = 528482304                                 {product} {ergonomic}
     uint ConcGCThreads                            = 1                                         {product} {ergonomic}
     uint G1ConcRefinementThreads                  = 4                                         {product} {ergonomic}
   size_t G1HeapRegionSize                         = 1048576                                   {product} {ergonomic}
    uintx GCDrainStackTargetSize                   = 64                                        {product} {ergonomic}
   size_t InitialHeapSize                          = 268435456                                 {product} {ergonomic}
   size_t MarkStackSize                            = 4194304                                   {product} {ergonomic}
   size_t MaxHeapSize                              = 2147483648                                {product} {command line}
   size_t MaxMetaspaceSize                         = 536870912                                 {product} {command line}
   size_t MaxNewSize                               = 1287651328                                {product} {ergonomic}
   size_t MinHeapDeltaBytes                        = 1048576                                   {product} {ergonomic}
    uintx NonNMethodCodeHeapSize                   = 5830732                                {pd product} {ergonomic}
    uintx NonProfiledCodeHeapSize                  = 122913754                              {pd product} {ergonomic}
    uintx ProfiledCodeHeapSize                     = 122913754                              {pd product} {ergonomic}
    uintx ReservedCodeCacheSize                    = 251658240                              {pd product} {ergonomic}
     bool SegmentedCodeCache                       = true                                      {product} {ergonomic}
     bool UseCompressedClassPointers               = true                                 {lp64_product} {ergonomic}
     bool UseCompressedOops                        = true                                 {lp64_product} {ergonomic}
     bool UseG1GC                                  = true                                      {product} {ergonomic}
     bool UseLargePagesIndividualAllocation        = false                                  {pd product} {ergonomic}

Logging:
Log output configuration:
 #0: stdout all=warning uptime,level,tags
 #1: stderr all=off uptime,level,tags

Environment Variables:
JAVA_HOME=C:\Program Files\Microsoft\jdk-11.0.18.10-hotspot\
CLASSPATH=C:\Users\PC ONE\OneDrive\Documentos\GitHub\elEscondite\android\\gradle\wrapper\gradle-wrapper.jar
PATH=C:\Users\PC ONE\OneDrive\Documentos\GitHub\elEscondite\node_modules\.bin;C:\Users\PC ONE\OneDrive\Documentos\GitHub\elEscondite\node_modules\.bin;C:\Users\PC ONE\OneDrive\Documentos\GitHub\node_modules\.bin;C:\Users\PC ONE\OneDrive\Documentos\node_modules\.bin;C:\Users\PC ONE\OneDrive\node_modules\.bin;C:\Users\PC ONE\node_modules\.bin;C:\Users\node_modules\.bin;C:\node_modules\.bin;C:\Users\PC ONE\AppData\Roaming\npm\node_modules\npm\node_modules\@npmcli\run-script\lib\node-gyp-bin;C:\Users\PC ONE\OneDrive\Documentos\GitHub\elEscondite\node_modules\.bin;C:\Users\PC ONE\OneDrive\Documentos\GitHub\elEscondite\node_modules\.bin;C:\Users\PC ONE\OneDrive\Documentos\GitHub\node_modules\.bin;C:\Users\PC ONE\OneDrive\Documentos\node_modules\.bin;C:\Users\PC ONE\OneDrive\node_modules\.bin;C:\Users\PC ONE\node_modules\.bin;C:\Users\node_modules\.bin;C:\node_modules\.bin;C:\Users\PC ONE\AppData\Roaming\npm\node_modules\npm\node_modules\@npmcli\run-script\lib\node-gyp-bin;C:\Users\PC ONE\bin;C:\Program Files\Git\mingw64\bin;C:\Program Files\Git\usr\local\bin;C:\Program Files\Git\usr\bin;C:\Program Files\Git\usr\bin;C:\Program Files\Git\mingw64\bin;C:\Program Files\Git\usr\bin;C:\Users\PC ONE\bin;C:\Program Files\Microsoft\jdk-11.0.18.10-hotspot\bin;C:\Program Files\Common Files\Oracle\Java\javapath;C:\ProgramData\Oracle\Java\javapath;C:\Windows\system32;C:\Windows;C:\Windows\System32\Wbem;C:\Windows\System32\WindowsPowerShell\v1.0;C:\Windows\System32\OpenSSH;C:\Program Files\NVIDIA Corporation\NVIDIA NvDLISR;C:\Program Files (x86)\NVIDIA Corporation\PhysX\Common;C:\xampp\mysql\bin;C:\xampp\php;C:\composer.phar;C:\ProgramData\ComposerSetup\bin;C:\ProgramData\chocolatey\bin;C:\Program Files\nodejs;C:\Users\PC ONE\AppData\Local\Android\Sdk\platform-tools;C:\Users\PC ONE\AppData\Local\Microsoft\WindowsApps;C:\Users\PC ONE\AppData\Local\Programs\Microsoft VS Code\bin;C:\Users\PC ONE\AppData\Roaming\Composer\vendor\bin;C:\Users\PC ONE\AppData\Local\GitHubDesktop\bin;C:\Program Fil
USERNAME=PC ONE
SHELL=C:\Program Files\Git\usr\bin\bash.exe
DISPLAY=needs-to-be-defined
LANG=en_US.UTF-8
TERM=xterm-256color
TMPDIR=C:\Users\PCONE~1\AppData\Local\Temp
OS=Windows_NT
PROCESSOR_IDENTIFIER=Intel64 Family 6 Model 60 Stepping 3, GenuineIntel
TMP=C:\Users\PCONE~1\AppData\Local\Temp
TEMP=C:\Users\PCONE~1\AppData\Local\Temp



---------------  S Y S T E M  ---------------

OS: Windows 10 , 64 bit Build 19041 (10.0.19041.3155)
OS uptime: 5 days 15:14 hours

CPU:total 4 (initial active 4) (4 cores per cpu, 1 threads per core) family 6 model 60 stepping 3 microcode 0x27, cmov, cx8, fxsr, mmx, sse, sse2, sse3, ssse3, sse4.1, sse4.2, popcnt, avx, avx2, aes, clmul, erms, lzcnt, tsc, tscinvbit, bmi1, bmi2, fma

Memory: 4k page, system-wide physical 16336M (4971M free)
TotalPageFile size 22464M (AvailPageFile size 301M)
current process WorkingSet (physical memory assigned to process): 419M, peak: 426M
current process commit charge ("private bytes"): 499M, peak: 508M

vm_info: OpenJDK 64-Bit Server VM (11.0.18+10-LTS) for windows-amd64 JRE (11.0.18+10-LTS), built on Jan 18 2023 15:56:47 by "MicrosoftCorporation" with MS VC++ 15.9 (VS2017)

END.
